 $ LHS File Format Version 1.00 
$
$ This LHS run was executed on 12/18/18 at  3:47:11.75
$ with LHS Version: 2.30 Release 1, Compiled May 31, 2001        
$ The run title was:
$ Pecos::LHSDriver
$
$ Message output file for this run: LHS_distributions.out
$
$ Input file(s) for this run: 
$
$ Point Values for the distributions follow:
$
$ All point values represent mean values that
$ were calculated from the actual LHS sample.
$
    Normal1              -3.5616092E-02
    Normal2               4.6327742E-06
$
@UNCERTAINTY
  @OBSERVATIONS   1000
  @VARIABLES      2
    Normal1:           
    Normal2:           
@SAMPLEDATA
           1           2  -85.324507544024115        3.0499126168438639E-002
           2           2   320.56169835640412        4.7282229458178678E-002
           3           2  -330.64512133330589        2.9576597180747222E-002
           4           2   280.50013733030164        3.9550990078802306E-002
           5           2   356.62843270498752       -7.9072038284006496E-002
           6           2   107.34220698108800        2.7074940731365866E-002
           7           2   250.33757628372052       -2.1863726131588924E-002
           8           2  -193.63353702874585        9.4232713200759748E-003
           9           2  -22.922625866699885       -1.0350287518468454E-002
          10           2   347.86737430020946        1.3717237660148529E-003
          11           2  -464.77899454829367       -2.4792895329767434E-002
          12           2  -10.436599783613273        3.5656464709729996E-002
          13           2  -99.412503192508453        9.2138108926257973E-003
          14           2   96.881235767540900       -5.4408342201678721E-002
          15           2  -79.671757404253768       -3.6524563911666058E-002
          16           2   65.710391592654702       -7.2390230395445289E-003
          17           2  -308.44237553258517       -1.1111240122308567E-002
          18           2  -183.61214160071611       -1.5429570341842974E-002
          19           2  -351.11539916470230        2.3546485550453491E-002
          20           2  -137.81137871246213       -1.3902678720135954E-002
          21           2   273.62303361557389       -1.4210713801414700E-003
          22           2   560.35052529283394        2.8159526040081751E-002
          23           2  -159.60325727622649       -3.6755320227035239E-002
          24           2   306.32443739011285        1.9368967023920800E-002
          25           2  -206.24854160598034        1.6432064316657842E-002
          26           2   654.17832819787429       -2.2856288778614824E-002
          27           2   112.09783174879831        4.2688643008234849E-002
          28           2  -239.49792739301827       -2.9447708655675000E-002
          29           2  -186.31244900105668       -3.0540242092577521E-002
          30           2   209.81078540012538        2.5581442991737167E-002
          31           2  -134.44516409485308       -4.8647541675991848E-002
          32           2  -131.82580206205952       -2.8761210495542169E-002
          33           2   121.92887789069991        9.7244333757015404E-003
          34           2   172.19791695618832       -2.1695148050189059E-002
          35           2  -196.56262004698007        1.0211632827204012E-002
          36           2   299.10701873562630       -6.3914867884567123E-003
          37           2   162.35810443734309        3.2015605267516879E-004
          38           2   269.63640016052562       -1.9967191006464293E-002
          39           2   378.71168540550570        2.0534618939991287E-002
          40           2  -301.91619275856846        6.7634861261137470E-003
          41           2   260.30996144377474       -9.5732886226673628E-005
          42           2   228.68793981933774        3.2800832639016057E-002
          43           2  -73.685629347504062       -3.9402857938487995E-002
          44           2  -78.198490290892082       -1.2258883059045881E-002
          45           2   404.47189194071262       -1.6872050929267662E-002
          46           2   116.18838691434881       -1.8721281633759135E-002
          47           2  -325.48172949003424        2.1600338041425714E-002
          48           2   813.38217811314917        1.4546992379877262E-002
          49           2  -177.34055066429241        4.8113068880238564E-002
          50           2   4.5242254272985010        3.6010577053295197E-002
          51           2   176.57954782364507       -1.8753705024103021E-002
          52           2   508.64799745093552        2.9519894801091524E-002
          53           2  -91.154776610825877       -2.9142310761320723E-002
          54           2   181.39753202216065       -7.5592037125869944E-004
          55           2   23.292460888616219       -9.2555685000987931E-002
          56           2   303.72284199080167       -4.3748583326707308E-002
          57           2  -61.128153867022718       -4.8852808308046718E-002
          58           2  -90.551665588782853       -6.7721685758629940E-002
          59           2  -228.87993026973501       -1.3670699828289697E-002
          60           2  -25.910821318998270        2.6894990870553210E-002
          61           2   471.86398068783421       -3.3107341701265676E-002
          62           2  -309.59576985426520       -1.6944930073009061E-002
          63           2   258.19748720290892      -0.10080255329223213     
          64           2  -559.67628973014359       -3.1370572213536743E-002
          65           2   395.19663976492978        3.1470277292814604E-002
          66           2   32.852584489600382       -4.0645508196472696E-002
          67           2   63.163694337617763       -1.2418625312161816E-002
          68           2   261.24987183078196        1.9937095924139933E-002
          69           2  -380.87942301337972       -1.4483332616714060E-002
          70           2   396.37290691763110        3.7866065785857883E-002
          71           2  -41.052398034765140       -2.2706357139323154E-002
          72           2   74.198251650892828       -2.7059139326145285E-003
          73           2   52.435201762276350        5.8538974211476288E-002
          74           2  -161.04260011562434       -1.6104719815575534E-002
          75           2  -112.15761565385827        6.6103215333851786E-003
          76           2   44.951201813341356       -1.7206475666334507E-002
          77           2   160.80315481972502       -4.9574092218890491E-003
          78           2  -661.18859750872048        6.2594123235320993E-003
          79           2  -280.71999053714455        4.2776791654930459E-002
          80           2   323.31866826923397        1.1752482386105248E-002
          81           2   133.75255331113507       -2.6568751312836852E-002
          82           2  -393.63886007909497       -5.5381840592956585E-003
          83           2   100.21458652056094       -3.7291177140800782E-002
          84           2  -437.45422928974193       -2.2025601842196221E-002
          85           2  -199.67628334650959       -2.6456011776924426E-002
          86           2   46.392038180894879        6.9673259381370263E-003
          87           2   157.58067910082784       -2.1208002503764734E-003
          88           2   13.394644295954295        1.2994335748978564E-002
          89           2  -378.52735876990391       -3.1860537803031747E-002
          90           2   132.13915391411308        6.0952227692463445E-002
          91           2   175.16401109151775        5.5095092059819474E-002
          92           2  -423.02746595395797        1.2020771366838273E-002
          93           2   827.30006973217155        1.8020978326556181E-002
          94           2   416.49567676233215       -9.1726579181544213E-003
          95           2   192.55793943514843       -1.6335820626378727E-003
          96           2   48.869037141759023        3.8131898141954779E-002
          97           2   19.370215358202788        1.7790153059600602E-002
          98           2   467.47817939998777       -4.4283557550343078E-002
          99           2  -71.457053221118045        1.4883279872713552E-002
         100           2   441.28731203740972       -1.1394801914175781E-002
         101           2  -27.175421120648487       -4.4131239907023424E-002
         102           2   236.09101432002211        2.5335694437678920E-002
         103           2   92.888438572877916        4.5736143628465314E-004
         104           2  -296.04184733848740       -4.6410834097782940E-002
         105           2  -433.77830267003901       -6.2659057056223678E-004
         106           2  -398.04620203645783       -7.5896361506287710E-003
         107           2   294.74135779684633        1.1225627595891231E-002
         108           2   137.65169229734900       -1.9650083024550378E-002
         109           2  -506.67488535950991        2.9794328507251236E-002
         110           2  -42.226896060150359       -2.0995755037326796E-002
         111           2  -93.385533476368636       -4.7405311220648947E-003
         112           2  -15.009391407549041       -3.4913859145590267E-002
         113           2   180.20846737694237       -2.0336187854803241E-002
         114           2  -3.8332110106256634        2.6563681525651934E-002
         115           2   34.717508190691802        3.2230388262843002E-003
         116           2  -527.32948330689692        3.5935397161417928E-003
         117           2   139.05294247610624       -2.9975498848234382E-002
         118           2  -182.86259756333027        3.3170570035884021E-002
         119           2  -13.505061146795047        3.7875300214037034E-003
         120           2   148.54901281557042        4.2075570703337985E-002
         121           2  -286.14972246170362       -4.1889324864391515E-002
         122           2  -84.042112256018953        7.1277458070960354E-003
         123           2  -53.847224590377280        1.8288721976411329E-003
         124           2  -87.338748081436393        6.0011554146176767E-002
         125           2  -73.089042884881508        6.1446596352462163E-002
         126           2   259.63562410987515        2.6304707659249409E-002
         127           2  -247.15178652430490       -1.8576659224497874E-002
         128           2  -52.627541363810927       -1.3804024096728144E-002
         129           2   697.76302464107198        7.4186031026954148E-003
         130           2  -39.751041303665048        5.7330957541724473E-003
         131           2   226.23165109697229       -4.2862142005141220E-002
         132           2   44.242434411198225       -2.0014241305770196E-003
         133           2   205.24243341546020       -8.2575555471684492E-003
         134           2  -30.672789597349109       -2.5898089630049057E-002
         135           2   47.804329218001669       -4.2273862550841826E-002
         136           2  -306.25370229811136       -4.0211574416455426E-002
         137           2   133.71283166669201       -1.2010237773249619E-002
         138           2  -29.204201432264490       -9.0432592757814078E-003
         139           2  -142.36201828156715       -1.3553448030603368E-002
         140           2  -300.76034721173716        5.4436566852667116E-002
         141           2   182.34594361546564       -7.0797157890252455E-002
         142           2   380.25350835410035       -4.7459407749690763E-002
         143           2   373.03628862708609        1.0778793159100875E-002
         144           2  -244.75389495624836        6.1392232657416098E-004
         145           2  -4.6693181628501534        3.2620314400084237E-003
         146           2  -61.605744275861859        2.4084501826511797E-003
         147           2   673.10385812201889        7.8476792427624523E-002
         148           2  -269.74771670692769        1.8750115438820422E-002
         149           2  -31.313032429820570        3.6459653140899502E-002
         150           2  -181.59474747747413        1.1034048844864431E-002
         151           2   51.357284244800752        2.7724681882574610E-003
         152           2  -368.12959365983647        4.0527575719457497E-002
         153           2  -98.773428699127621        1.8214114165525059E-002
         154           2   523.95225526597062       -3.7534043557554339E-002
         155           2  -212.80428253394695       -2.3207167208217337E-002
         156           2  -359.47153066304480        1.5098340126561093E-002
         157           2   304.69658193576066       -2.8565104905652720E-002
         158           2   240.41649543089247       -4.3921456465505285E-002
         159           2  -112.95137418096337       -1.0596823609297555E-002
         160           2   211.31349439854787       -3.9231791748101021E-002
         161           2   59.203597604765015       -4.3456276297298022E-002
         162           2  -221.64446352952820       -2.4228617174174714E-002
         163           2  -623.09451021669122        9.2477183649716396E-002
         164           2   89.023076629366457       -1.1360090808246213E-002
         165           2  -28.758866688634011        1.3557232850836591E-002
         166           2  -48.851943004106879        1.3385694735900032E-002
         167           2  -80.686940808779823       -8.1359946534980306E-003
         168           2   310.84938601314286        5.3531831019077228E-003
         169           2   150.00045854930914        1.5036482044920954E-002
         170           2  -37.088630321389090       -4.4209440923144016E-004
         171           2   53.434850458073214       -1.4971976808165897E-002
         172           2   121.27592711036058       -2.9302077842062815E-002
         173           2   146.97436575610348        5.0155974804661045E-002
         174           2  -364.43757364707443        2.3711057177982772E-002
         175           2   84.150717532966553        1.0345322412043532E-002
         176           2  -264.39409006197587        1.6059554829535277E-002
         177           2   127.37516513215746        3.4863416469381410E-002
         178           2  -1.9123947727116373        4.0638718762915076E-002
         179           2   61.021105685003377        3.4329465433590202E-002
         180           2   9.7841643151205950        5.6197400773971354E-002
         181           2  -100.58147078968342        6.6577508281003200E-002
         182           2  -299.04155541379464        4.1535980191161666E-003
         183           2   34.031280017555062       -3.5454344169210852E-002
         184           2  -76.515077551209558        1.9265894893869887E-002
         185           2   94.446019560648708        2.9335370069813706E-002
         186           2   358.52950740908068       -6.3234348096579684E-002
         187           2   57.821614150420736       -2.5650330572229482E-002
         188           2  -632.25144318522291       -3.9728253726127739E-002
         189           2   238.71578938936696        1.2361080915199892E-002
         190           2  -322.46397435920630       -1.5792525849861200E-002
         191           2  -403.42581234777629        1.2235278270882310E-002
         192           2  -44.578263738543043       -1.9444848203713852E-002
         193           2  -190.20430311685470       -6.8438105750177761E-003
         194           2  -225.55265545565453       -2.1705585600892849E-002
         195           2  -177.36497063726526       -3.3926061515382591E-002
         196           2  -81.434397711552378       -2.6980291186010710E-002
         197           2  -123.79198380158816       -3.2043350829066022E-002
         198           2  -123.00147104740383        4.7338086211808367E-003
         199           2   455.75698688919721       -2.5157733142813247E-003
         200           2   69.126343906833128       -6.3502144125710163E-003
         201           2  -33.220758110564930        1.1344930962985658E-003
         202           2   140.79369594494375        1.9325646008052271E-003
         203           2  -340.52419494640782       -2.8368519211138494E-002
         204           2   179.76966475103296       -1.2612262248046768E-002
         205           2   118.52107535635055        3.8817582325841885E-002
         206           2  -217.02505685679907       -3.4419460382018985E-002
         207           2   15.681368447019560       -2.0518867381163146E-002
         208           2   316.00293640578798        1.6353137639540813E-002
         209           2   657.90941094720552        8.2186572560635732E-002
         210           2  -268.17192932979299        1.6610088101914833E-002
         211           2   39.826812859212616        2.4932185160559582E-002
         212           2   434.43122935828325        1.4360722590933597E-002
         213           2  -149.58996210064424        2.8609312266821788E-003
         214           2   3.3259082423589770       -1.5312547654426464E-002
         215           2  -94.960391250226479        1.3721960283526530E-002
         216           2  -219.61242421088696        1.7037871477496962E-002
         217           2  -42.373555517593161        4.6783166741270241E-002
         218           2   140.01588781903897        1.4802225520234889E-002
         219           2  -209.87090396219779       -2.2357255740528909E-002
         220           2  -84.586517727777007       -5.1319609823109603E-002
         221           2  -491.44889827023565        3.7496592256033474E-002
         222           2  -109.70905063266711       -5.4723788566869865E-004
         223           2  -537.18417316100670        6.0623716267400934E-003
         224           2   5.4808063937853877        4.3905923795049193E-002
         225           2   168.13004051079804        2.3923407124537249E-002
         226           2   66.571126012684942       -1.7466863191957314E-002
         227           2  -174.74376808212040        3.2615827009059899E-002
         228           2  -179.86987886323533       -1.2327558613071975E-003
         229           2   52.970087114311539       -8.9927649528142514E-003
         230           2   448.53923678930187       -1.9821005303551277E-002
         231           2   462.90345161141073       -2.0651283579781063E-002
         232           2  -140.62686095414750        3.0786144879238270E-002
         233           2  -36.213937127266256        3.9099722672450807E-002
         234           2   128.02522488248107        1.1843966105741276E-002
         235           2 -0.45042431516822301        2.2619084774329223E-002
         236           2   502.59831832410526        5.7652444251335408E-002
         237           2  -113.75196764131991       -2.0451760265939620E-003
         238           2   67.550471938507513       -2.2172072453748794E-003
         239           2   57.130821197483428       -1.1171051391434516E-002
         240           2  -285.24970621821632       -2.0601513579527050E-002
         241           2   58.264539047737401        1.5963578876366586E-002
         242           2   345.54847679491706       -2.9646874937203631E-002
         243           2   23.925302868925247        6.8980317264652575E-003
         244           2   97.430801483325851        1.3113854118692106E-002
         245           2  -34.743821066575123       -4.4680924009899710E-002
         246           2   339.59954045958750        1.7185322210574103E-002
         247           2  -477.27978764975461        2.4232996291779312E-002
         248           2  -327.06975742709147        4.0828659785895699E-002
         249           2  -525.62798947383328       -1.7793322032490715E-002
         250           2   219.38491472682276       -4.7214372520865567E-003
         251           2  -4.9935772389449058       -3.3495458954673950E-002
         252           2   16.397042893676854        7.4491665247387439E-003
         253           2  -96.117114054941823        2.3343445099303351E-002
         254           2  -445.71304075444920       -1.7931338522701065E-002
         255           2  -66.370069621506886       -5.7552560297418995E-002
         256           2   251.69611592264971       -7.0815078938276871E-003
         257           2  -236.39348842819888        5.7391643819717793E-002
         258           2   307.28991856875763        2.0653370154482330E-002
         259           2  -116.09637803770036        2.2127164040309913E-002
         260           2  -215.85869357604523        1.4853940073448312E-003
         261           2   190.31024908485304       -3.8291962117894908E-002
         262           2   8.5115944059545949        1.7814799467328172E-002
         263           2  -237.44099694425691        1.0894196450418756E-002
         264           2  -69.119245961554327       -5.0892735281340286E-002
         265           2   3.7839981671667715       -1.0122756501296588E-002
         266           2   308.60973755930615        4.5430007579326248E-002
         267           2   41.984666508789523        1.6485389729947970E-002
         268           2   282.84259002038073       -1.4801467582476928E-002
         269           2   69.778751787929778        7.8542246986087333E-003
         270           2  -253.60011145373358        6.2560986193440166E-002
         271           2  -104.60134974954703       -1.8901607845212578E-002
         272           2   275.16197587776429       -3.0335185789874514E-002
         273           2  -221.00511859419785        2.0157325315056339E-002
         274           2  -202.32135188985845       -3.2693354781465622E-002
         275           2   135.19245753694247        8.7163263923554380E-003
         276           2   635.67263797850410       -4.7115064151807301E-002
         277           2  -169.08603123345006       -3.5989435237248381E-002
         278           2   263.88305692735730       -1.9129287079718050E-002
         279           2   229.68633836454282        1.5508571772267051E-002
         280           2   12.766472685726768        4.4214581197513966E-002
         281           2  -22.485556607579912       -2.4576567944166322E-002
         282           2  -240.56292878058974        5.9942238985699579E-002
         283           2  -87.835390454578899        4.1458908834861113E-002
         284           2  -35.129721508127105        3.3852790829771606E-002
         285           2   313.90583560899660        4.9025040629810092E-002
         286           2  -15.433547633618934        6.9024124306634169E-002
         287           2   25.594665150530844        6.9082499648378474E-004
         288           2  -709.98890579237536       -1.8331370484853927E-002
         289           2  -121.56112675123416       -5.3016951375190191E-002
         290           2  -158.96906154437318       -3.3645699884183269E-002
         291           2   19.795372779355695       -4.3001947312074629E-002
         292           2  -573.58517754347793        4.6698557926103862E-002
         293           2  -494.35557841328881        4.9281536641617501E-003
         294           2   83.402310491467105       -5.8382289058820543E-002
         295           2  -118.15080724738424        2.2934314654508948E-002
         296           2   131.39238444547493        1.9733474235359472E-002
         297           2   63.804388756459204       -3.1712007339480777E-002
         298           2  -169.93120525532566       -2.1991037644534250E-002
         299           2  -412.21168813725063        1.2982451029847597E-002
         300           2   49.212868311088044        6.5805199717618806E-002
         301           2   85.282570263900652       -2.4721395018848798E-002
         302           2   168.40888903258605        7.1784515774669572E-002
         303           2  -141.61332345827125       -2.7709049797575849E-002
         304           2  -188.61214086722345       -3.8064360601118681E-002
         305           2   92.143819905581282       -8.6906393848554930E-003
         306           2  -390.26941180790328        1.2855980402794627E-002
         307           2  -16.418623505409091        1.6681509328602510E-002
         308           2   207.22903242810921        3.2474641388652796E-002
         309           2   370.03020030112276       -7.6671807090133021E-002
         310           2  -332.64256948959354        1.0322675953767152E-002
         311           2   318.96635696279702        2.9971292168433271E-002
         312           2   126.20808468769077        1.5561652864707215E-003
         313           2   325.53862418669223        2.0826863313889651E-002
         314           2   297.42607705196946        3.1011141502051708E-002
         315           2  -341.91101204768177        1.4315547973405320E-002
         316           2  -316.01799137415941        8.0124506106431445E-003
         317           2   226.56964538565950       -3.8876185905015626E-002
         318           2  -238.82730680829548       -2.2581582960003167E-002
         319           2   318.10377974461414       -4.8258702932141198E-002
         320           2   300.04857585529635        6.5356550590827595E-002
         321           2   111.27630208361359        3.8437509143465866E-002
         322           2   406.88605707021810        2.7934713654861453E-002
         323           2   86.136141829434578        1.7703316986134761E-002
         324           2   153.49164878850721       -2.6767205530995795E-002
         325           2   485.25981143457784       -3.2297024080631220E-003
         326           2  -432.52445629125560        1.0966064008610714E-002
         327           2   399.95948870253523       -4.1410937863696692E-003
         328           2   123.34176518513962        1.6245375644272878E-002
         329           2   368.54422147664519        2.8000606430195321E-004
         330           2  -271.37188986576439       -2.5779741137586954E-002
         331           2   199.05668869876294       -1.3000043504947875E-002
         332           2   172.55825706023791       -1.6456281453292605E-002
         333           2  -105.76197246030767       -1.1306254891671055E-002
         334           2  -130.52955099311851       -1.5198710039240008E-002
         335           2   213.15244089182784        3.5359298598326178E-002
         336           2  -82.942914637679891       -8.9265632440105099E-003
         337           2  -180.93999770483987        4.7634080802876663E-002
         338           2  -94.318593170706521        1.3928759432403057E-002
         339           2  -580.62198775147942        3.7786632562458143E-002
         340           2  -76.575722659398068       -7.4791032106898275E-003
         341           2   59.652337106206083        4.0692163578322487E-003
         342           2   90.916945923742091       -2.9479213218521292E-002
         343           2  -59.953830493060778        3.2984620641439789E-002
         344           2   82.498639148332003        2.8904821032275888E-002
         345           2   264.11503114021394       -4.9497000225982919E-002
         346           2  -296.79299929979777       -5.9168848888373803E-003
         347           2   522.38057815531613       -6.8649405165881916E-002
         348           2   196.72185364620103        3.8210697614117421E-003
         349           2   738.04160199637113       -3.2860518969664972E-002
         350           2   449.71840413708816        2.0239977427798702E-002
         351           2   613.97913260177006        1.5203222074599346E-002
         352           2  -71.854866522833618        3.3615059166634213E-003
         353           2   233.69286020845905       -3.3473599711382620E-004
         354           2   267.73564679952068        4.1109724321547227E-002
         355           2   152.95678840415539       -1.7834113345754136E-002
         356           2  -250.12296571132219       -9.6484359474027885E-003
         357           2   164.80310793363884       -7.3481277524850086E-003
         358           2   277.58650997695651       -1.3229372687954452E-002
         359           2  -132.37537142906439       -2.7396009005414775E-002
         360           2  -258.56992173395571        5.0750022792489566E-002
         361           2  -13.139722897206713        3.6660796380459919E-003
         362           2   208.62585949497515       -5.1324393964839003E-003
         363           2   104.20678503788746        2.8417292964092067E-002
         364           2   288.74565602466788       -8.4891062965855388E-003
         365           2  -74.110365159631584        9.6322837103145278E-003
         366           2  -169.55972589645745       -2.1162807469922273E-002
         367           2   102.24197480822215        2.8836956969079456E-002
         368           2   215.72326735012587        3.5877149279320578E-002
         369           2  -192.44373659018819       -8.8015792062424438E-004
         370           2   40.475664935981044       -3.2997433063746515E-002
         371           2  -50.098027638455676        4.2314226572587122E-003
         372           2  -194.91795642961912        2.2755554963606064E-002
         373           2  -344.28071509975217        3.1676781450673430E-002
         374           2   78.004646810246086       -1.2476626344581220E-003
         375           2  -261.70190717598683       -2.7811348267680620E-002
         376           2   558.43834369313572        8.8544399885649976E-003
         377           2   55.710366194920176       -6.1541081224113087E-002
         378           2  -463.01606325211088        2.6807520902701932E-002
         379           2   80.936643728891454        3.1405390015440016E-002
         380           2  -65.422893735928596       -4.1134694826047327E-002
         381           2   393.23933390509933        3.4634619497587747E-002
         382           2   15.019796829147680        4.3548321821213640E-002
         383           2   31.365593122747633        4.6046462113432454E-002
         384           2   130.06461189056455        3.0931615382962688E-002
         385           2   141.87459257838273       -2.2493764375338905E-002
         386           2   27.817174181451115        6.2016046787746523E-003
         387           2  -24.115659258620148        2.8060281426723715E-002
         388           2  -56.813171967656764        2.0934937433302607E-003
         389           2   61.417945206266836       -2.3061521729664636E-002
         390           2   300.86856044909308       -1.7426444230552247E-002
         391           2   112.27080403905985       -2.3287062939832820E-002
         392           2  -277.49373678350241       -2.3348781235127482E-002
         393           2  -127.98506851137644        8.5412619184361271E-003
         394           2   338.67681291843132        3.4020422695028155E-002
         395           2   6.9241215926190618       -3.2643414762685688E-002
         396           2   144.98333255690082        1.2713144339130986E-002
         397           2  -812.45019174236381       -2.3476874095345246E-004
         398           2  -615.59019537975041       -1.1675126099835670E-002
         399           2   95.874307559541762        4.2381203285413775E-002
         400           2  -312.13451141741172        4.0204426854708916E-002
         401           2  -137.34176201688066       -1.5063152258188221E-002
         402           2   458.12718636519799        4.4517997311287694E-002
         403           2   67.694688170789206       -1.5726679881966878E-002
         404           2   333.49849408431589        3.0249394691397601E-002
         405           2   186.78216588976454       -9.5486983927048717E-003
         406           2   185.90951491987067        1.3608582134738019E-002
         407           2   257.28667091772735       -1.5880577375951402E-002
         408           2   388.93543364636105       -1.8963336311092018E-002
         409           2  -100.73997576965522       -2.2743461888773651E-003
         410           2   60.489431522062389        9.8668808809328178E-003
         411           2  -245.76241043018484        7.0520709488955495E-003
         412           2   178.48057174694924       -2.9052516639997805E-002
         413           2  -467.04624833031750        5.1757316250189374E-002
         414           2   384.62215718595769       -7.6928788819079436E-003
         415           2  -873.61173708891340       -3.7986029804744519E-002
         416           2  -589.38991509964274        4.5695155803632280E-002
         417           2   97.969613164935666        1.8304905566037137E-002
         418           2   428.18269242652161       -1.7590251975072375E-002
         419           2  -112.84038542003370        2.3176583211074714E-002
         420           2   204.67275381908993        3.6821679262895222E-002
         421           2   170.81395109552543       -5.2562853611388155E-002
         422           2   99.268399933955152        9.7354279292536099E-004
         423           2  -158.57203755851629        2.8985518769087618E-002
         424           2  -251.02143738987132        5.6397635445864486E-002
         425           2  -283.69715204273808       -4.5012581602406534E-003
         426           2  -447.56067062920795       -1.9889038038778777E-002
         427           2  -191.74503895952984        1.7540074157106521E-002
         428           2  -536.60755697488253        4.5877910438193663E-002
         429           2   151.95652601775106       -4.6631871709636924E-002
         430           2  -254.95249126658459        1.7104665277972223E-002
         431           2  -281.54108630255138        9.1392134616702266E-003
         432           2  -565.85113945878868       -1.0284506498734977E-002
         433           2  -46.309544448302198        5.1130606035665653E-002
         434           2  -217.88457314704064        2.7514675827219327E-002
         435           2   420.08781428155032       -1.2538133859141308E-002
         436           2  -362.95612406452966        2.0475193617783900E-002
         437           2   349.11681123087891       -7.4748097890135122E-005
         438           2   488.97908531581288       -3.4714181584662197E-002
         439           2   123.04697516085156        2.7324070694303568E-002
         440           2   124.03202497397517       -4.5683079387139627E-002
         441           2  -235.80267236589597       -4.5421553080483200E-002
         442           2  -421.29142513992565        5.3780122613554093E-003
         443           2  -136.57434697405128       -1.0833054211041238E-002
         444           2   20.584024564099433       -2.1486212823549639E-002
         445           2   163.14520749395052       -2.4137183405923527E-002
         446           2   464.46754429099479       -6.0374982143670687E-002
         447           2   216.91087520171899        1.8694858100431019E-002
         448           2  -648.66632278751399       -5.2776101518717068E-002
         449           2   223.34234371668830       -5.3640665978305149E-003
         450           2  -457.29335708929483       -1.6546557654563306E-002
         451           2  -424.62085630106571        1.0704342177218164E-003
         452           2  -103.78129802408456       -1.9711457687168282E-002
         453           2  -96.648886943596167        3.3549153123934548E-002
         454           2   27.222028744443357        1.9360902335113443E-003
         455           2   234.27914222427228        2.4733173207434702E-002
         456           2  -37.757030004817103       -2.3602309265070218E-002
         457           2   72.744548502033069        3.1951448217355405E-002
         458           2  -224.98892716989474       -5.0748673318800576E-003
         459           2   110.18530833710385       -1.9566825780278369E-002
         460           2  -55.327462186802521        2.4410118746385909E-002
         461           2  -127.35573961083834       -2.2689634794077561E-002
         462           2  -162.70211996573664       -4.5199020734433097E-002
         463           2   302.34096974889189        1.0569890950231217E-002
         464           2   91.890923536307128        8.4053200035327322E-003
         465           2   11.272795899722274        5.0370764783146636E-002
         466           2   203.98205215066633       -2.5189292182933115E-002
         467           2   271.63110162002818       -5.7649309394260495E-002
         468           2  -374.36675098344369        1.1313890522846719E-002
         469           2  -11.908656751171236       -2.8464100334418763E-002
         470           2   197.54581970080517        2.5110769305604349E-002
         471           2  -126.91627773288124       -3.0156876904676284E-002
         472           2  -318.58280509473695        7.5126424331675670E-002
         473           2   148.17520255319315       -2.6165871417878468E-002
         474           2   329.37868137052152        2.9248523747630407E-002
         475           2   120.39188371837179        3.0386799317815593E-003
         476           2   71.229563833813728       -5.3652101064307268E-002
         477           2  -193.50088243520932       -3.2943454833514888E-003
         478           2   14.600183460562755       -3.4897891457283080E-002
         479           2  -305.01652491369714       -4.1482118168125227E-002
         480           2  -510.03342833608275        1.0436262818272269E-002
         481           2   225.30658194016297        5.6956632046214754E-002
         482           2  -324.05283374083535        1.7484785137472557E-002
         483           2  -387.14221535010358       -1.2821238852027355E-002
         484           2  -9.2890404690652879       -9.4186628300445743E-003
         485           2   154.96099449756341       -1.1393831423821732E-003
         486           2   332.44977580666949       -3.7066289001714631E-002
         487           2   126.56013906192423       -2.8953968706294537E-002
         488           2  -557.97884989267641       -1.3097488299276375E-002
         489           2  -265.64325388353359       -3.3344896284552582E-002
         490           2  -483.67494342646484       -6.5184539170056760E-002
         491           2   12.631594990750052        3.5300352870176188E-002
         492           2   114.61508936572355       -2.7316478094123048E-002
         493           2   77.030201531307654        3.7607105008310000E-002
         494           2   18.360291751690813        2.7684953255323049E-002
         495           2  -8.6191730329124958        1.4011295113022251E-002
         496           2  -97.820975673066570       -6.9360362268096110E-002
         497           2   174.55458321104467        2.0408115498277035E-002
         498           2  -231.82982188166147        1.9835346955779980E-002
         499           2  -259.51327123036805        5.0220353491393773E-003
         500           2   195.30214491249291        5.2026390152103551E-002
         501           2   32.579778017531055       -7.8249187443352915E-003
         502           2  -40.868572864747811        2.2514721664500226E-003
         503           2  -454.03405147821678       -3.9205438308095013E-003
         504           2  -144.47163331896203       -5.6910759299811327E-002
         505           2   80.352533111938058       -3.6591104261320645E-002
         506           2   237.87328361910724        1.4679671849059791E-002
         507           2  -23.730322282277871       -4.5039768176749179E-002
         508           2  -198.56634258378466       -8.7880052759328094E-003
         509           2  -114.50636899113205        2.1741705504320561E-002
         510           2   142.40719660056800        3.8562841725561688E-002
         511           2   38.339063545778849       -4.6077747375380645E-002
         512           2  -155.89803795610851       -5.4275661098730200E-002
         513           2  -187.13946164647814        5.2783569789289796E-002
         514           2  -125.84368708073289       -6.5469784169987543E-003
         515           2   119.59530348667286        7.8038439773201445E-003
         516           2   316.75828755178384       -1.2315100508427563E-002
         517           2   149.68823694937512        1.5362849467681945E-002
         518           2   132.63257099290774        3.4177287348876127E-003
         519           2  -223.06814381552797        5.3267730669071450E-002
         520           2  -135.23811140961206       -2.6680166111486943E-002
         521           2   42.654273255502076       -3.2389313223090944E-002
         522           2  -93.979002958860164        4.8701899234671914E-002
         523           2  -53.509620624002160       -3.7714352536726246E-002
         524           2  -45.023611302411901       -9.2005418433952785E-003
         525           2   5.0633787105384043        2.2469499318516238E-002
         526           2   117.89835002749552       -5.4015249143560776E-002
         527           2  -489.19392304511570        2.6115428632857984E-003
         528           2  -33.664037744031774       -2.9837671351595235E-002
         529           2   139.40947157144814       -1.8514818672989621E-002
         530           2  -601.83653518078279       -1.9207818195921222E-002
         531           2  -7.3360081830425328        2.1827453140844770E-002
         532           2  -505.49806574021744       -4.6126614592413720E-003
         533           2   386.88382920687133        4.0046918186892086E-002
         534           2   630.16528002584403        4.1217378139258548E-002
         535           2  -513.89544074563059        7.1951766620910098E-003
         536           2   283.64028494933996        5.8207098478068930E-002
         537           2   54.189590186536115       -4.2731135645674760E-002
         538           2  -108.76270474409323       -4.7759964529970389E-002
         539           2   47.617543154257504       -4.8090409733935878E-002
         540           2  -200.90367372774705        3.2724947886207154E-002
         541           2   221.26466379873901        8.1612555793659104E-003
         542           2  -431.02685809808150       -3.3264780141241242E-002
         543           2  -327.87266277093192       -4.1295653749284421E-002
         544           2  -101.54407687492528       -1.5218980525251419E-002
         545           2  -157.12389543563719       -1.4656064193012625E-002
         546           2   194.15421688529233        7.3556635854077346E-002
         547           2  -299.79095295711932        4.5194597346321797E-003
         548           2   239.53070796795606        2.8524687759525689E-002
         549           2   46.154925899381965       -5.4849789001756841E-002
         550           2   9.2196801343264312        1.2136034213085834E-002
         551           2   322.43994926559822        1.9968141632637583E-002
         552           2   170.22957239061560       -9.7448723454899807E-004
         553           2  -38.231759789335094       -1.0711240726998411E-002
         554           2  -146.47367684348990       -7.3126814083631772E-003
         555           2   68.367639334665114        1.5917728896101154E-002
         556           2   158.56342469352975        3.0326433434895626E-002
         557           2   107.85545516646035       -1.2930900847980733E-002
         558           2  -241.29071086493752       -4.5131755045582601E-003
         559           2   88.282738180744118        6.5332501561303101E-003
         560           2   244.82325520149388       -7.5650337794799481E-003
         561           2  -27.955747295207185        3.6603396071997391E-002
         562           2   287.03566706715520        4.2973584947239234E-002
         563           2  -253.26135646482351        2.8265964523516957E-002
         564           2   89.918188351220621       -1.2188262834969332E-002
         565           2   55.040161914199132       -2.5602765233191500E-002
         566           2  -50.663913433974464        4.2214914439208898E-002
         567           2  -348.33039469409613        1.7070263744787286E-003
         568           2  -443.13581677970637       -4.1635627419350049E-002
         569           2   285.30286807966849        3.9298611598756134E-003
         570           2  -199.47686059986754       -4.8903704396022632E-003
         571           2   241.20434997725673       -1.6808756441311454E-002
         572           2  -167.59857108212915       -2.4014894384813457E-002
         573           2  -81.851470054684469        6.7788577056040952E-002
         574           2  0.75251802744587659        6.6505909727795753E-003
         575           2   536.96697116572921        3.4971629035766283E-002
         576           2  -102.14762770229646        2.7207195993086804E-002
         577           2   211.52979134819353       -1.7680962230866789E-002
         578           2  -415.86873549205598       -3.9076461242356378E-002
         579           2  -154.16817699290846        2.1334119123856601E-002
         580           2   242.10430505214308       -3.9910176439831448E-002
         581           2  -151.34566949873309        2.5461162601730702E-002
         582           2   296.15747937063935       -4.9918274388165110E-002
         583           2   89.698860372412810        5.6498679457208864E-003
         584           2  -475.42958445557156        1.4510620914081606E-002
         585           2  -242.88416769642419        2.6091242956002396E-002
         586           2  -282.66345198034099        5.3613610568028061E-002
         587           2  -11.245612056500013       -2.8656564469464949E-002
         588           2   232.87342189154234       -1.3416535248755503E-002
         589           2  -110.53894011596360       -2.6018424828132679E-002
         590           2  -135.36709491713987        1.9020962124258557E-002
         591           2  -43.528211664093028       -4.7534098099124490E-002
         592           2  -202.40415954038838       -1.4114046886109502E-002
         593           2   312.47633536959040        2.2887511960704227E-002
         594           2  -77.721436977407521        2.2013175451528848E-002
         595           2  -303.50642906836572        4.5866335212535261E-003
         596           2   154.05062424276198       -2.1383095863786870E-002
         597           2  -165.77316613901840       -7.1222114516055002E-003
         598           2   248.54328567460357       -1.3357268683154136E-002
         599           2  -18.052664337438355        2.9918677233289490E-002
         600           2   250.18337321217510       -1.0239394153375773E-002
         601           2  -29.484239442011976        5.0905616577439595E-003
         602           2   412.50130119496350       -8.3499897353272401E-002
         603           2   155.91752285907498        5.8784566765708443E-003
         604           2   382.67672612110545       -7.2328314073642486E-002
         605           2   247.51069603742434       -3.1004905253953701E-002
         606           2  -82.373069015383706        4.7121318521413949E-002
         607           2   156.31885574011960        3.1135975521390743E-002
         608           2   50.785600240313869       -1.2729883355895776E-002
         609           2   30.094253265392780       -3.0221180312489503E-002
         610           2   267.29283166678135        1.9121276665305269E-002
         611           2   230.20558809817715       -2.1147854004189355E-004
         612           2   75.552615845445388       -1.0456726245972664E-002
         613           2  -216.00970301016889        6.2786392219331924E-002
         614           2   513.17862118897494       -3.5323066615383356E-002
         615           2  -120.25077204676539        3.9619853789929903E-002
         616           2   189.08067624971616       -1.4027678242812288E-002
         617           2   254.02244137053552        4.1847221800923810E-002
         618           2  -58.644920802944434        3.1275538983404752E-002
         619           2   183.14997930268035        1.0034695410984739E-002
         620           2   390.52864035732375       -2.3636190883838614E-003
         621           2  -243.42845713394127       -1.2806706656273672E-002
         622           2  -522.36236780345985       -1.6419505369572440E-002
         623           2   397.72542792030254        8.1898045642903242E-005
         624           2  -139.13575079318224       -1.1483573050825322E-002
         625           2   422.73910903390629       -3.0444569113681126E-003
         626           2  -208.29017031446529        1.3835091072325405E-002
         627           2  -156.92092525744991       -5.0476349592796316E-002
         628           2  -366.65964003219250        4.6365553241459100E-002
         629           2   158.91620389614260        1.5682679095051093E-002
         630           2  -417.87256226359904       -6.9508596883619302E-003
         631           2   290.16745431443633        4.3685212192925267E-002
         632           2   361.63349655067447       -3.9661332262913565E-003
         633           2  -111.34021511413513        3.4488989121778585E-002
         634           2  -428.01625797446872       -5.8731797178004450E-003
         635           2  -151.58153596283063        3.9209204021706995E-002
         636           2   252.54615920305702        3.9009753686888256E-002
         637           2   167.40277720089986        8.5160942796100328E-002
         638           2   137.40040341391710       -2.4960534739173128E-002
         639           2   146.08779436575321       -3.7469123077359190E-003
         640           2  -138.45966432785050       -4.0411871792436452E-002
         641           2  -347.45615726013045       -2.7590708972793927E-002
         642           2  -279.18877445912182        6.3867691549147315E-002
         643           2  0.13923922693426136       -1.1755440983537148E-002
         644           2  -388.17347752547340       0.11020299722800657     
         645           2  -413.28743712926757        5.9372315345487967E-002
         646           2  -251.67981007463470        2.4328390269203658E-002
         647           2   28.879855179350862       -8.3818899921695878E-003
         648           2  -179.70124007865348        1.0675112783261985E-002
         649           2  -14.089380741397749        1.1656485674138337E-002
         650           2  -272.95261257231533       -1.8408568562003423E-002
         651           2  -70.651666602907753        1.5629297411090207E-002
         652           2  -175.40251592469923       -2.0864157946167042E-002
         653           2   56.505619941146200       -5.6207874129737510E-003
         654           2   72.333864481157747       -1.3961903675459250E-002
         655           2  -123.99929831297888        1.4227112620235681E-002
         656           2   216.23948411756928       -9.7926694011524242E-003
         657           2  -20.009390159694377        9.9197595689345663E-003
         658           2   224.31234614602513       -3.1280623644558948E-002
         659           2   183.91183145649453       -1.1612713884810593E-002
         660           2   109.79455838164658       -1.3299586990210078E-002
         661           2  -274.52256770034950        2.2203374743928897E-003
         662           2  -406.97332658465001       -1.0520964451070114E-002
         663           2  -91.475886134313981       -3.9777967588304035E-002
         664           2   355.39512460726274       -3.8803448553872522E-002
         665           2  -49.448939030740206       -3.2276603401854780E-002
         666           2  -248.89824360450237        8.2665356869832292E-003
         667           2   36.903465389361031        3.1734316842332521E-003
         668           2   218.24571218932607       -3.0830432845828676E-002
         669           2  -328.71371873498072        2.4601229162474144E-002
         670           2  -263.72772192113013       -4.2410726259556102E-002
         671           2   335.41072422782480        5.0994604559855161E-002
         672           2   269.30347462883378       -2.5330429720969140E-002
         673           2  -187.63769582756439        2.0716507992284893E-003
         674           2  -361.15957173744158        8.4714870999022980E-003
         675           2  -268.68245285847905        4.5113772014057411E-002
         676           2  -375.97332299917099       -6.2046883082268814E-002
         677           2  -47.079483622937424       -5.6058625332774170E-002
         678           2   7.8288392467210999        4.7951811107803544E-003
         679           2   109.22783722382736        4.9446719645840291E-002
         680           2   227.69502620216653       -3.5867014831306991E-002
         681           2   144.07105235247835       -5.8772766628976521E-002
         682           2   201.64346794146141       -2.2151176301985678E-002
         683           2  -699.55303242345849       -4.4565807394829703E-002
         684           2  -3.2291023360414646       -6.0570872458376460E-002
         685           2   197.97572385341141       -3.7383613957142701E-002
         686           2  -129.51782661339621       -1.8244084803997043E-002
         687           2   352.78537481965964        8.0583744461217507E-002
         688           2  -171.93620763584585        2.2576476197546380E-002
         689           2  -233.90268974063770        1.1535404879933573E-002
         690           2  -189.61180554650926       -2.2955562256526570E-002
         691           2   497.96660577379282       -8.6072747842500259E-003
         692           2  -482.47758777936184       -5.1999796392440567E-002
         693           2  -211.34956482630281        1.2600314462758421E-002
         694           2  -60.251730499972929       -5.9376567024875510E-002
         695           2  -125.24166567142444       -4.9302009153202979E-002
         696           2   31.554148704023184        9.3392919127654305E-003
         697           2   62.125750706954356       -6.1010831955925840E-003
         698           2  -39.320312462466426        3.6305613533813882E-002
         699           2   128.92539414952356       -2.3720276569620825E-002
         700           2  -46.903656393967580       -5.6422210858123288E-002
         701           2  -116.64174892145859        1.7933050174875162E-002
         702           2  -51.519522502862365       -3.6373026135780801E-003
         703           2   344.36400930885719        6.9667350656513041E-002
         704           2  -54.889735145058857        4.3573292681154206E-003
         705           2  -154.86655445690226        1.8397964529436886E-002
         706           2   542.02101798623119        4.8499682399805441E-002
         707           2  -106.83786774346660        1.1310496172131996E-002
         708           2   163.49147173327853       -2.3880885750614426E-002
         709           2  -176.14115007295450        5.7973238784806034E-003
         710           2   65.191047755057340       -2.7209078329808609E-002
         711           2  -19.400211019077489       -6.5596958401053351E-003
         712           2  -56.106814841934565        3.2272471129203305E-002
         713           2  -152.68866528529591        2.5009966754193490E-002
         714           2  -20.729172186737284        2.7877026724224752E-002
         715           2   35.202264467679186        2.4849584828881429E-003
         716           2  -86.634715478849955       -8.7533434261771771E-003
         717           2  -35.987513136616840       -3.4283799059593369E-002
         718           2  -107.80476865297102        8.0929859820591376E-003
         719           2   578.30816786765547       -3.5662848316678271E-002
         720           2   24.512742747620710       -5.7563903483883495E-003
         721           2  -63.519296132774123       -3.6776732369207103E-003
         722           2   200.14464279847797       -5.7687939828577426E-003
         723           2  -294.20363733153556       -4.2059239252600404E-002
         724           2  -173.83363857100946       -9.9247722752936491E-003
         725           2  -376.66136858413449       -9.8367958866292914E-003
         726           2  -358.71082537577905       -3.5174168320047577E-002
         727           2   1.9234355685768223        1.1399524579591473E-002
         728           2   21.738179535965493       -3.4622137962009199E-003
         729           2  -549.01655287676215        1.8140979376772486E-002
         730           2  -2.3195312151162324        2.6387701017120957E-002
         731           2   349.96718672709198       -6.4170872634368992E-002
         732           2  -460.33409492302366        3.3735675863600996E-002
         733           2  -79.319060837882773       -1.8147487913319001E-003
         734           2  -267.26049339579635        2.1221527261643666E-002
         735           2   444.01236557535015       -1.9134384402319357E-003
         736           2  -372.21332931546112       -1.7105372247798751E-002
         737           2  -18.534632571924750        5.1835881126035283E-003
         738           2  -396.66564091648172       -1.3880585271267446E-003
         739           2   424.05752753313311       -2.7456909804508947E-002
         740           2   105.28257266037059       -1.9038503624400523E-002
         741           2   544.88969820852105        7.9721178122150165E-003
         742           2   103.26353039370085       -1.4601590039903781E-002
         743           2   125.28820925561756        2.0803733380110705E-002
         744           2  -310.97044003567362        3.3239941198990271E-002
         745           2  -108.45579503386222        3.2185204074977963E-002
         746           2   79.912724459675275       -2.9740170046584160E-002
         747           2   136.08793177845774       -1.1864692806162461E-002
         748           2  -259.98766339110352       -4.2985530276228139E-003
         749           2  -256.72252994762158        2.3483711050927090E-002
         750           2  -471.26661107999058        8.8822244430120968E-003
         751           2   594.36032688742364       -4.4020111067506317E-003
         752           2   291.68422075393897        4.2816522299837078E-003
         753           2   272.89095252825763       -3.8504167016328618E-002
         754           2  -604.63709256980417       -4.2432062970308489E-003
         755           2  -57.869615438852513        1.5430326591748856E-002
         756           2   331.35684454226339       -4.3233540608305664E-002
         757           2  -67.642075691917753        1.2994305937193162E-003
         758           2  -21.159126519827865        5.5185199364678292E-002
         759           2  -256.45031950207158       -2.7064596839220998E-002
         760           2   220.32050666407707       -1.6217573102538279E-002
         761           2  -117.99912308772527       -3.0800786768347615E-002
         762           2  -204.90250015012938       -8.6704257861188835E-002
         763           2  -354.92576058954450       -6.6571320644517512E-002
         764           2   360.08007114197073       -3.8702407800558828E-003
         765           2   6.6745482810774686        7.6100438967658168E-002
         766           2   113.47724199432544       -6.5681625513021411E-002
         767           2  -166.38457927341565        3.0078473079782845E-002
         768           2   70.736826769149175        7.6164553939152011E-003
         769           2  -184.23558382879622        6.3972787074892644E-003
         770           2   21.389322091868905        2.0925154533483606E-002
         771           2   79.075183242178312       -1.5556646130906327E-003
         772           2  -353.64304100519627       -2.3830669954435470E-002
         773           2  -292.08408769455997       -6.8724937088879140E-003
         774           2   169.26764425425233        1.3787766402473015E-002
         775           2   214.31613535649208        3.5077595381919187E-002
         776           2  -149.02308217970966        1.6902011644364896E-002
         777           2  -672.34432273180187        3.5631090800847268E-002
         778           2   22.238983365057553        1.0081882635484953E-002
         779           2  -195.55878091012917        6.1419897516422125E-003
         780           2   94.158179944304692        2.7422611726860207E-002
         781           2   209.01099054421616        4.3279591036791312E-002
         782           2   159.48043750959300       -2.5475554247938684E-002
         783           2   36.210405604687914        2.4062048804600469E-002
         784           2   589.05577381910825        2.1998160218215716E-002
         785           2  -404.30009383829793       -3.5629772747527953E-003
         786           2   100.95468973099372       -3.6901292615571041E-002
         787           2  -144.09416573247512       -1.0756016249925747E-002
         788           2  -185.43586703166827        3.7319152734577379E-002
         789           2   452.98861199063253        3.4053211478980452E-002
         790           2  -220.36527369443442       -3.4595956326738841E-002
         791           2   376.16818557051454        1.4773807595454628E-002
         792           2   726.22476607102385        1.6783049733080195E-002
         793           2   116.70666682409046        6.3880032667158245E-003
         794           2  -52.323833906138674        2.3079049987975195E-002
         795           2   39.159513218735256       -1.7079719038664270E-002
         796           2  -92.459825149280078        5.1555574576060040E-002
         797           2   38.213352558748689       -5.2514033497355443E-003
         798           2   243.32542811156927       -5.2046693667494787E-002
         799           2   610.46877905026440        2.1120414042616640E-002
         800           2   87.692283356556203        2.4797808611794668E-002
         801           2   480.45994955516613       -3.6194635243830493E-002
         802           2  -232.55888499396713       -2.2257082696203152E-002
         803           2  -339.01409224650081        9.5484566803674641E-003
         804           2   185.39227037077859       -2.4364754957588979E-002
         805           2  -293.47657065347227       -6.1685803145741982E-003
         806           2  -68.346981895878073       -2.7975000696317514E-003
         807           2   328.32335031024502       -7.4825398672552515E-002
         808           2  -129.20290798920044        1.2226419930941063E-002
         809           2   277.34364962520033       -5.4334908590070313E-003
         810           2  -153.54154652423676        6.1885284754420532E-002
         811           2  -214.53930538688743        4.9254182373912068E-002
         812           2  -306.94457000583719        1.3274520091324552E-002
         813           2  -133.24015048614712       -4.0988237897400118E-003
         814           2   214.09774121096510        1.9655411728749822E-002
         815           2   103.71751497028903        2.3730430782897410E-002
         816           2   429.00414759202118       -7.8007984685362361E-003
         817           2  -383.56923060211091        5.9527582202550866E-003
         818           2   493.18849309093918        5.3155004392721494E-004
         819           2   26.405966194639920        1.0609331141403746E-002
         820           2  -70.316582176488609       -6.2821951141519361E-003
         821           2   75.879760579825657        1.3198891769589476E-002
         822           2  -213.91886107164041        2.1646528681330976E-002
         823           2  -85.958903986386971        2.8695878952247574E-002
         824           2   516.25366214526287       -9.3311786407199431E-003
         825           2   276.16907025481652       -1.7307707429617295E-002
         826           2  -164.84230335764087       -1.3615584019964933E-002
         827           2   417.85360440489092       -1.8063794852082763E-002
         828           2  -334.27010478359489       -4.9969726714661680E-003
         829           2   30.454401207511765        6.8310360661718384E-003
         830           2  -9.7966513485132900        7.3007231335223870E-004
         831           2   43.260319074225542        2.5727828541471855E-002
         832           2  -75.532666870046029        1.2503654415658427E-002
         833           2  -173.02433607169442        7.3376505394695431E-003
         834           2   145.26343826466251        2.2351019295533608E-002
         835           2   184.16529982703440       -2.8074853398843382E-002
         836           2  -88.819489190222171       -1.7543904850022404E-003
         837           2   177.78518615063336        3.9867337137880307E-002
         838           2  -334.71081984044702       -1.4211701610735409E-002
         839           2  -121.92596929958474       -7.3267218052494268E-002
         840           2   366.48277293659953        4.4370947285402567E-003
         841           2   247.03337208586760        2.3221632375530023E-002
         842           2  -400.50241074580248        1.8452483276542888E-002
         843           2   221.91054659385847       -3.0620326542108296E-002
         844           2  -166.72799172615308        7.1874841938523351E-002
         845           2   342.75191316666877       -1.5957644210362738E-002
         846           2   291.89932979808430        3.5174603502764199E-003
         847           2  -229.45230784564527        4.4700152318941033E-002
         848           2   84.274092828050996       -2.7450072122788814E-003
         849           2   17.869245849303560       -1.1014300079637725E-002
         850           2  -17.239381417755940       -8.1949391521560933E-003
         851           2  -314.84586900277031       -3.1561098283364043E-002
         852           2   50.200518655408615       -2.7901805357450501E-002
         853           2  -262.11443808316795        1.8934812562332506E-002
         854           2   336.24500238979368       -1.4981176843971208E-003
         855           2  -64.799132956713350        3.6953646283494138E-002
         856           2  -336.91212472512206        8.6932324781207708E-003
         857           2   281.71632191956922        1.7332208279208391E-002
         858           2  -350.43147413635245        2.7625618632476132E-002
         859           2  -205.45513446961428       -2.0778454566716523E-002
         860           2  -62.420120053546491       -5.5231353804906055E-002
         861           2  -145.40262431263344       -1.9370664580452206E-002
         862           2   551.52573561795464        5.5269615016673886E-003
         863           2   262.71511856657838       -5.5555529782183179E-002
         864           2   101.60554098325463       -1.6639880063719675E-002
         865           2   118.84659384297528        4.0374384904799610E-002
         866           2  -230.53507248362084       -1.6330523143879404E-002
         867           2   45.558408668035831        5.4784476718551158E-003
         868           2   94.950235825249237        1.8616589884223041E-002
         869           2  -160.24657631242161        4.4143558720543125E-002
         870           2   194.86490775190649        9.0996758561555056E-003
         871           2  -47.863919925282126        9.7787527687279250E-003
         872           2  -7.5879734269716277       -5.9586766155161154E-002
         873           2  -273.76747467971614       -3.8637859054291200E-002
         874           2  -162.00607350327292       -2.3456791295958433E-002
         875           2   173.77769970014356        8.3083403404845373E-003
         876           2  -289.38747904689262        2.2228340852263325E-002
         877           2  -148.12235941929944       -6.2339276998884231E-002
         878           2   475.92036387650467        2.5805727681327280E-002
         879           2  -319.95381238283585       -2.1515253759507521E-002
         880           2   245.39120500599867        2.6777988135644470E-003
         881           2  -451.16164634620861       -2.6266658592714921E-002
         882           2   372.87843386829843        3.8196720657650028E-002
         883           2  -131.41280998920288       -3.2205312082185349E-002
         884           2  -43.793959186722368        4.9859970860836239E-002
         885           2   566.55296043540534       -5.0377726956600651E-002
         886           2   341.28209101123980        3.6240035119951490E-002
         887           2  -1.1251389689319544       -2.0084693771628553E-002
         888           2   408.02587361802250       -2.4282670724766260E-002
         889           2   436.45937287480200        1.6711490278310916E-003
         890           2   412.04022889377904        3.4473463631182651E-002
         891           2  -337.79255132582699       -1.8100182362386415E-002
         892           2  -150.34050852902212        7.5248678282558929E-003
         893           2  -97.238389848011124        2.9872963354829096E-003
         894           2   2.5900824080686262       -1.4419394283195032E-002
         895           2  -74.853576122236831        5.5848034750695899E-002
         896           2   206.69824798472848       -5.1605086463768580E-002
         897           2  -385.44831199218675       -2.0322587968476358E-002
         898           2   114.37075357875450        2.9189755890826675E-003
         899           2  -140.44274027243435        3.3457932607912570E-002
         900           2   255.31597668677310        1.4128311002792866E-002
         901           2   41.539223190186348        1.3492635960929060E-002
         902           2   362.81406705656906        4.7909254912757812E-002
         903           2   293.12366028865370        1.7399672132371150E-002
         904           2  -206.96319768780168       -1.2097389879038646E-002
         905           2   286.30754523681685        1.8821819414043740E-002
         906           2  -544.18372012839984       -1.6028662109254237E-002
         907           2  -5.4404865142636636       -8.3075318791900991E-003
         908           2   189.58928406906915        2.5255125646276071E-002
         909           2   73.449384285080882       -2.4504113992912128E-002
         910           2  -408.72958881198900       -3.0143759574297003E-003
         911           2   36.141159539316696        1.5273921960965237E-002
         912           2   11.556085171741802        1.6166231828698023E-002
         913           2  -143.20989745173134       -4.6961424487817385E-002
         914           2   352.51814465348968        7.7000464515648926E-003
         915           2  -440.39029475815880       -9.4572502202274200E-003
         916           2   231.30197162169176       -3.1495554228299261E-003
         917           2   161.00892470444271        5.3902593690771522E-002
         918           2  -370.12841593970211       -1.5623838624651413E-002
         919           2  -767.33837366435739        7.9215226699152434E-004
         920           2  -21.541249208789708       -2.8874977855215061E-003
         921           2   201.15360132929095       -1.0050687958056762E-002
         922           2   143.35603015524759       -6.7079903257742544E-003
         923           2   81.872799436125575        3.1784749699578153E-002
         924           2  -25.065716492122139       -2.6329318706045726E-002
         925           2   278.86605353593347        2.3901147334581510E-003
         926           2  -171.15659348213688        2.1082978255717873E-002
         927           2  -115.78316908127367       -4.5896548017704313E-002
         928           2   364.73620074694293        1.2196081475295819E-003
         929           2   326.10474043526341       -4.0633992025646555E-002
         930           2   478.31533636623084       -3.1848865705327266E-002
         931           2  -197.36777580793483       -3.1102317273255853E-002
         932           2   376.61816451274177        2.4545319238966662E-002
         933           2  -164.04445671989151       -6.0222520031311261E-003
         934           2  -178.87955838485678       -6.7006753463557250E-003
         935           2  -226.73014644849104       -4.0935597593819692E-002
         936           2   431.24800100684018        1.1105153690186479E-002
         937           2  -357.47884106786415       -8.0020192744034574E-003
         938           2   98.476196698346200        2.1445042987000115E-002
         939           2  -321.00435592225330        2.3966440532025412E-002
         940           2  -31.501531912289000        9.4860166323050815E-003
         941           2  -105.04026885072703       -4.9642505486362780E-002
         942           2   310.24805589753271       -1.0259545399293117E-003
         943           2  -228.18239665443858       -2.0167622675798198E-002
         944           2  -146.84612267560905        4.8889336027834454E-003
         945           2  -32.739607783918544        2.0373877995941535E-004
         946           2   583.20746995791183        3.7110162208209944E-002
         947           2   528.33099996411056       -3.5636863381246144E-002
         948           2  -203.49183345597689        2.9161396975057426E-002
         949           2   24.953213276344300       -2.1042848887981642E-002
         950           2  -277.73542494682636       -3.6389905827663431E-002
         951           2  -120.49076407714611        6.4558119780460096E-002
         952           2   28.444348039982561        6.7948053503507189E-002
         953           2  -58.001127030848508        1.1916519706177377E-002
         954           2   191.78351844409846        2.6707913015555224E-002
         955           2  -12.685207454149362       -8.1348389787897615E-002
         956           2  -63.190435240973663       -3.4017557704110772E-003
         957           2  -291.14970430824002        5.4099125939563952E-002
         958           2   86.859521786977837        1.9427321647494326E-002
         959           2   74.570646660668800        3.7625906857601836E-005
         960           2  -314.36521115381692        3.9656886165030415E-003
         961           2  -65.970558836967498        2.6062352730777984E-002
         962           2   106.63534193271035        3.0601826366610851E-002
         963           2   175.82890371526258        1.4179520742035993E-003
         964           2  -391.91509917227881        4.1608339456294968E-002
         965           2  -89.466637025531156       -1.4938948770395052E-002
         966           2   115.43564217429801       -2.5075102049223558E-002
         967           2   151.40915862907073        1.2422073547487098E-002
         968           2  -234.12656127914119       -1.1968978352271856E-002
         969           2  -211.66811060752488        5.2683598301490444E-003
         970           2  -119.08147370307026       -2.5773970118000210E-003
         971           2   255.74618198166291       -6.3839013863783961E-002
         972           2   402.97735667859416        2.0095291849512736E-002
         973           2   64.272683106055126       -9.6751688294536113E-003
         974           2   165.20339865406896       -1.4714282295457574E-002
         975           2   16.867459913295704       -4.8094297554551507E-004
         976           2  -208.75659434963075        2.6426908113605971E-002
         977           2  -6.2717042095344882       -5.4988324436114917E-003
         978           2  -499.32660867693653       -2.1289561760486561E-002
         979           2  -288.68251564369609        1.2811936552094061E-002
         980           2  -66.955767669661583        8.9636477350472400E-003
         981           2   193.12125335094305        5.2474536620700736E-002
         982           2   77.915992551286308        1.5759793272503309E-002
         983           2  -26.318609621903153       -2.8174764657937071E-002
         984           2   235.19394020300649       -3.4108194447014947E-002
         985           2   166.63703292431637       -3.3790261581463019E-002
         986           2  -287.35491908972432        1.1583357427879293E-002
         987           2   187.68125825773461       -1.0954804704527536E-002
         988           2  -224.33243935878329        1.9540837838108411E-002
         989           2   265.22288813715079       -2.5242981777063113E-002
         990           2   105.97255038086675       -1.5510090687566936E-002
         991           2   10.417955447823456        2.5877693825686384E-002
         992           2   495.49780234211232        4.5082308076298143E-002
         993           2   202.38282679513873        1.6837733161136990E-002
         994           2  -275.48826864849110       -7.9185699151099239E-003
         995           2  -345.87326224654180       -7.0396504047111327E-002
         996           2   135.40146351700110        3.2078604592443299E-002
         997           2  -102.88648306342436       -8.4941042804696982E-004
         998           2   440.18891476941036        8.8245601952853959E-004
         999           2   129.39019917504899       -2.4116293110003871E-003
        1000           2  -248.12108553979638       -1.4300128007692876E-002
