1

                                             * * * * * * * * *  L H S  * * * * * * * * *

                                             LATIN HYPERCUBE AND RANDOM SAMPLING PROGRAM

                                             * * * * * * * * * * * * * * * * * * * * * *


    Run on 12/18/18 at  3:47:11.75 with LHS Version: 2.30 Release 1, Compiled May 31, 2001        


0    Pecos::LHSDriver

    Random Seed =         348

    Number of Variables =   2

    Number of Observations = 1000
0   The sample was written to the file: LHS_samples.out
0   Input was read from the file: 
0   The sample input vectors will be printed along with their corresponding ranks.
0   Histograms of the actual sample will be plotted for each input variable.
0   The correlation matrices (raw data and rank correlations) will be printed.
1

    Pecos::LHSDriver                                                                                                             

    VARIABLE  DISTRIBUTION          RANGE            LABEL
0       1     BOUNDED NOR  -1.798+308 TO  1.798+308                                                    
                           MU =   0.00                   SIGMA =   267.    
0       2     BOUNDED NOR  -1.798+308 TO  1.798+308                                                    
                           MU =   0.00                   SIGMA =  3.086E-02
1Pecos::LHSDriver                                                                                                             
0LATIN HYPERCUBE SAMPLE INPUT VECTORS

 RUN NO. X(1)      X(2)
0    1 -85.3     3.050E-02
0    2  321.     4.728E-02
0    3 -331.     2.958E-02
0    4  281.     3.955E-02
0    5  357.    -7.907E-02
0    6  107.     2.707E-02
0    7  250.    -2.186E-02
0    8 -194.     9.423E-03
0    9 -22.9    -1.035E-02
0   10  348.     1.372E-03
0   11 -465.    -2.479E-02
0   12 -10.4     3.566E-02
0   13 -99.4     9.214E-03
0   14  96.9    -5.441E-02
0   15 -79.7    -3.652E-02
0   16  65.7    -7.239E-03
0   17 -308.    -1.111E-02
0   18 -184.    -1.543E-02
0   19 -351.     2.355E-02
0   20 -138.    -1.390E-02
0   21  274.    -1.421E-03
0   22  560.     2.816E-02
0   23 -160.    -3.676E-02
0   24  306.     1.937E-02
0   25 -206.     1.643E-02
0   26  654.    -2.286E-02
0   27  112.     4.269E-02
0   28 -239.    -2.945E-02
0   29 -186.    -3.054E-02
0   30  210.     2.558E-02
0   31 -134.    -4.865E-02
0   32 -132.    -2.876E-02
0   33  122.     9.724E-03
0   34  172.    -2.170E-02
0   35 -197.     1.021E-02
0   36  299.    -6.391E-03
0   37  162.     3.202E-04
0   38  270.    -1.997E-02
0   39  379.     2.053E-02
0   40 -302.     6.763E-03
0   41  260.    -9.573E-05
0   42  229.     3.280E-02
0   43 -73.7    -3.940E-02
0   44 -78.2    -1.226E-02
0   45  404.    -1.687E-02
0   46  116.    -1.872E-02
0   47 -325.     2.160E-02
0   48  813.     1.455E-02
0   49 -177.     4.811E-02
0   50  4.52     3.601E-02
0   51  177.    -1.875E-02
0   52  509.     2.952E-02
0   53 -91.2    -2.914E-02
0   54  181.    -7.559E-04
0   55  23.3    -9.256E-02
0   56  304.    -4.375E-02
0   57 -61.1    -4.885E-02
0   58 -90.6    -6.772E-02
0   59 -229.    -1.367E-02
0   60 -25.9     2.689E-02
0   61  472.    -3.311E-02
0   62 -310.    -1.694E-02
0   63  258.    -0.101    
0   64 -560.    -3.137E-02
0   65  395.     3.147E-02
0   66  32.9    -4.065E-02
0   67  63.2    -1.242E-02
0   68  261.     1.994E-02
0   69 -381.    -1.448E-02
0   70  396.     3.787E-02
0   71 -41.1    -2.271E-02
0   72  74.2    -2.706E-03
0   73  52.4     5.854E-02
0   74 -161.    -1.610E-02
0   75 -112.     6.610E-03
0   76  45.0    -1.721E-02
0   77  161.    -4.957E-03
0   78 -661.     6.259E-03
0   79 -281.     4.278E-02
0   80  323.     1.175E-02
0   81  134.    -2.657E-02
0   82 -394.    -5.538E-03
0   83  100.    -3.729E-02
0   84 -437.    -2.203E-02
0   85 -200.    -2.646E-02
0   86  46.4     6.967E-03
0   87  158.    -2.121E-03
0   88  13.4     1.299E-02
0   89 -379.    -3.186E-02
0   90  132.     6.095E-02
0   91  175.     5.510E-02
0   92 -423.     1.202E-02
0   93  827.     1.802E-02
0   94  416.    -9.173E-03
0   95  193.    -1.634E-03
0   96  48.9     3.813E-02
0   97  19.4     1.779E-02
0   98  467.    -4.428E-02
0   99 -71.5     1.488E-02
0  100  441.    -1.139E-02
0  101 -27.2    -4.413E-02
0  102  236.     2.534E-02
0  103  92.9     4.574E-04
0  104 -296.    -4.641E-02
0  105 -434.    -6.266E-04
0  106 -398.    -7.590E-03
0  107  295.     1.123E-02
0  108  138.    -1.965E-02
0  109 -507.     2.979E-02
0  110 -42.2    -2.100E-02
0  111 -93.4    -4.741E-03
0  112 -15.0    -3.491E-02
0  113  180.    -2.034E-02
0  114 -3.83     2.656E-02
0  115  34.7     3.223E-03
0  116 -527.     3.594E-03
0  117  139.    -2.998E-02
0  118 -183.     3.317E-02
0  119 -13.5     3.788E-03
0  120  149.     4.208E-02
0  121 -286.    -4.189E-02
0  122 -84.0     7.128E-03
0  123 -53.8     1.829E-03
0  124 -87.3     6.001E-02
0  125 -73.1     6.145E-02
0  126  260.     2.630E-02
0  127 -247.    -1.858E-02
0  128 -52.6    -1.380E-02
0  129  698.     7.419E-03
0  130 -39.8     5.733E-03
0  131  226.    -4.286E-02
0  132  44.2    -2.001E-03
0  133  205.    -8.258E-03
0  134 -30.7    -2.590E-02
0  135  47.8    -4.227E-02
0  136 -306.    -4.021E-02
0  137  134.    -1.201E-02
0  138 -29.2    -9.043E-03
0  139 -142.    -1.355E-02
0  140 -301.     5.444E-02
0  141  182.    -7.080E-02
0  142  380.    -4.746E-02
0  143  373.     1.078E-02
0  144 -245.     6.139E-04
0  145 -4.67     3.262E-03
0  146 -61.6     2.408E-03
0  147  673.     7.848E-02
0  148 -270.     1.875E-02
0  149 -31.3     3.646E-02
0  150 -182.     1.103E-02
0  151  51.4     2.772E-03
0  152 -368.     4.053E-02
0  153 -98.8     1.821E-02
0  154  524.    -3.753E-02
0  155 -213.    -2.321E-02
0  156 -359.     1.510E-02
0  157  305.    -2.857E-02
0  158  240.    -4.392E-02
0  159 -113.    -1.060E-02
0  160  211.    -3.923E-02
0  161  59.2    -4.346E-02
0  162 -222.    -2.423E-02
0  163 -623.     9.248E-02
0  164  89.0    -1.136E-02
0  165 -28.8     1.356E-02
0  166 -48.9     1.339E-02
0  167 -80.7    -8.136E-03
0  168  311.     5.353E-03
0  169  150.     1.504E-02
0  170 -37.1    -4.421E-04
0  171  53.4    -1.497E-02
0  172  121.    -2.930E-02
0  173  147.     5.016E-02
0  174 -364.     2.371E-02
0  175  84.2     1.035E-02
0  176 -264.     1.606E-02
0  177  127.     3.486E-02
0  178 -1.91     4.064E-02
0  179  61.0     3.433E-02
0  180  9.78     5.620E-02
0  181 -101.     6.658E-02
0  182 -299.     4.154E-03
0  183  34.0    -3.545E-02
0  184 -76.5     1.927E-02
0  185  94.4     2.934E-02
0  186  359.    -6.323E-02
0  187  57.8    -2.565E-02
0  188 -632.    -3.973E-02
0  189  239.     1.236E-02
0  190 -322.    -1.579E-02
0  191 -403.     1.224E-02
0  192 -44.6    -1.944E-02
0  193 -190.    -6.844E-03
0  194 -226.    -2.171E-02
0  195 -177.    -3.393E-02
0  196 -81.4    -2.698E-02
0  197 -124.    -3.204E-02
0  198 -123.     4.734E-03
0  199  456.    -2.516E-03
0  200  69.1    -6.350E-03
0  201 -33.2     1.134E-03
0  202  141.     1.933E-03
0  203 -341.    -2.837E-02
0  204  180.    -1.261E-02
0  205  119.     3.882E-02
0  206 -217.    -3.442E-02
0  207  15.7    -2.052E-02
0  208  316.     1.635E-02
0  209  658.     8.219E-02
0  210 -268.     1.661E-02
0  211  39.8     2.493E-02
0  212  434.     1.436E-02
0  213 -150.     2.861E-03
0  214  3.33    -1.531E-02
0  215 -95.0     1.372E-02
0  216 -220.     1.704E-02
0  217 -42.4     4.678E-02
0  218  140.     1.480E-02
0  219 -210.    -2.236E-02
0  220 -84.6    -5.132E-02
0  221 -491.     3.750E-02
0  222 -110.    -5.472E-04
0  223 -537.     6.062E-03
0  224  5.48     4.391E-02
0  225  168.     2.392E-02
0  226  66.6    -1.747E-02
0  227 -175.     3.262E-02
0  228 -180.    -1.233E-03
0  229  53.0    -8.993E-03
0  230  449.    -1.982E-02
0  231  463.    -2.065E-02
0  232 -141.     3.079E-02
0  233 -36.2     3.910E-02
0  234  128.     1.184E-02
0  235-0.450     2.262E-02
0  236  503.     5.765E-02
0  237 -114.    -2.045E-03
0  238  67.6    -2.217E-03
0  239  57.1    -1.117E-02
0  240 -285.    -2.060E-02
0  241  58.3     1.596E-02
0  242  346.    -2.965E-02
0  243  23.9     6.898E-03
0  244  97.4     1.311E-02
0  245 -34.7    -4.468E-02
0  246  340.     1.719E-02
0  247 -477.     2.423E-02
0  248 -327.     4.083E-02
0  249 -526.    -1.779E-02
0  250  219.    -4.721E-03
0  251 -4.99    -3.350E-02
0  252  16.4     7.449E-03
0  253 -96.1     2.334E-02
0  254 -446.    -1.793E-02
0  255 -66.4    -5.755E-02
0  256  252.    -7.082E-03
0  257 -236.     5.739E-02
0  258  307.     2.065E-02
0  259 -116.     2.213E-02
0  260 -216.     1.485E-03
0  261  190.    -3.829E-02
0  262  8.51     1.781E-02
0  263 -237.     1.089E-02
0  264 -69.1    -5.089E-02
0  265  3.78    -1.012E-02
0  266  309.     4.543E-02
0  267  42.0     1.649E-02
0  268  283.    -1.480E-02
0  269  69.8     7.854E-03
0  270 -254.     6.256E-02
0  271 -105.    -1.890E-02
0  272  275.    -3.034E-02
0  273 -221.     2.016E-02
0  274 -202.    -3.269E-02
0  275  135.     8.716E-03
0  276  636.    -4.712E-02
0  277 -169.    -3.599E-02
0  278  264.    -1.913E-02
0  279  230.     1.551E-02
0  280  12.8     4.421E-02
0  281 -22.5    -2.458E-02
0  282 -241.     5.994E-02
0  283 -87.8     4.146E-02
0  284 -35.1     3.385E-02
0  285  314.     4.903E-02
0  286 -15.4     6.902E-02
0  287  25.6     6.908E-04
0  288 -710.    -1.833E-02
0  289 -122.    -5.302E-02
0  290 -159.    -3.365E-02
0  291  19.8    -4.300E-02
0  292 -574.     4.670E-02
0  293 -494.     4.928E-03
0  294  83.4    -5.838E-02
0  295 -118.     2.293E-02
0  296  131.     1.973E-02
0  297  63.8    -3.171E-02
0  298 -170.    -2.199E-02
0  299 -412.     1.298E-02
0  300  49.2     6.581E-02
0  301  85.3    -2.472E-02
0  302  168.     7.178E-02
0  303 -142.    -2.771E-02
0  304 -189.    -3.806E-02
0  305  92.1    -8.691E-03
0  306 -390.     1.286E-02
0  307 -16.4     1.668E-02
0  308  207.     3.247E-02
0  309  370.    -7.667E-02
0  310 -333.     1.032E-02
0  311  319.     2.997E-02
0  312  126.     1.556E-03
0  313  326.     2.083E-02
0  314  297.     3.101E-02
0  315 -342.     1.432E-02
0  316 -316.     8.012E-03
0  317  227.    -3.888E-02
0  318 -239.    -2.258E-02
0  319  318.    -4.826E-02
0  320  300.     6.536E-02
0  321  111.     3.844E-02
0  322  407.     2.793E-02
0  323  86.1     1.770E-02
0  324  153.    -2.677E-02
0  325  485.    -3.230E-03
0  326 -433.     1.097E-02
0  327  400.    -4.141E-03
0  328  123.     1.625E-02
0  329  369.     2.800E-04
0  330 -271.    -2.578E-02
0  331  199.    -1.300E-02
0  332  173.    -1.646E-02
0  333 -106.    -1.131E-02
0  334 -131.    -1.520E-02
0  335  213.     3.536E-02
0  336 -82.9    -8.927E-03
0  337 -181.     4.763E-02
0  338 -94.3     1.393E-02
0  339 -581.     3.779E-02
0  340 -76.6    -7.479E-03
0  341  59.7     4.069E-03
0  342  90.9    -2.948E-02
0  343 -60.0     3.298E-02
0  344  82.5     2.890E-02
0  345  264.    -4.950E-02
0  346 -297.    -5.917E-03
0  347  522.    -6.865E-02
0  348  197.     3.821E-03
0  349  738.    -3.286E-02
0  350  450.     2.024E-02
0  351  614.     1.520E-02
0  352 -71.9     3.362E-03
0  353  234.    -3.347E-04
0  354  268.     4.111E-02
0  355  153.    -1.783E-02
0  356 -250.    -9.648E-03
0  357  165.    -7.348E-03
0  358  278.    -1.323E-02
0  359 -132.    -2.740E-02
0  360 -259.     5.075E-02
0  361 -13.1     3.666E-03
0  362  209.    -5.132E-03
0  363  104.     2.842E-02
0  364  289.    -8.489E-03
0  365 -74.1     9.632E-03
0  366 -170.    -2.116E-02
0  367  102.     2.884E-02
0  368  216.     3.588E-02
0  369 -192.    -8.802E-04
0  370  40.5    -3.300E-02
0  371 -50.1     4.231E-03
0  372 -195.     2.276E-02
0  373 -344.     3.168E-02
0  374  78.0    -1.248E-03
0  375 -262.    -2.781E-02
0  376  558.     8.854E-03
0  377  55.7    -6.154E-02
0  378 -463.     2.681E-02
0  379  80.9     3.141E-02
0  380 -65.4    -4.113E-02
0  381  393.     3.463E-02
0  382  15.0     4.355E-02
0  383  31.4     4.605E-02
0  384  130.     3.093E-02
0  385  142.    -2.249E-02
0  386  27.8     6.202E-03
0  387 -24.1     2.806E-02
0  388 -56.8     2.093E-03
0  389  61.4    -2.306E-02
0  390  301.    -1.743E-02
0  391  112.    -2.329E-02
0  392 -277.    -2.335E-02
0  393 -128.     8.541E-03
0  394  339.     3.402E-02
0  395  6.92    -3.264E-02
0  396  145.     1.271E-02
0  397 -812.    -2.348E-04
0  398 -616.    -1.168E-02
0  399  95.9     4.238E-02
0  400 -312.     4.020E-02
0  401 -137.    -1.506E-02
0  402  458.     4.452E-02
0  403  67.7    -1.573E-02
0  404  333.     3.025E-02
0  405  187.    -9.549E-03
0  406  186.     1.361E-02
0  407  257.    -1.588E-02
0  408  389.    -1.896E-02
0  409 -101.    -2.274E-03
0  410  60.5     9.867E-03
0  411 -246.     7.052E-03
0  412  178.    -2.905E-02
0  413 -467.     5.176E-02
0  414  385.    -7.693E-03
0  415 -874.    -3.799E-02
0  416 -589.     4.570E-02
0  417  98.0     1.830E-02
0  418  428.    -1.759E-02
0  419 -113.     2.318E-02
0  420  205.     3.682E-02
0  421  171.    -5.256E-02
0  422  99.3     9.735E-04
0  423 -159.     2.899E-02
0  424 -251.     5.640E-02
0  425 -284.    -4.501E-03
0  426 -448.    -1.989E-02
0  427 -192.     1.754E-02
0  428 -537.     4.588E-02
0  429  152.    -4.663E-02
0  430 -255.     1.710E-02
0  431 -282.     9.139E-03
0  432 -566.    -1.028E-02
0  433 -46.3     5.113E-02
0  434 -218.     2.751E-02
0  435  420.    -1.254E-02
0  436 -363.     2.048E-02
0  437  349.    -7.475E-05
0  438  489.    -3.471E-02
0  439  123.     2.732E-02
0  440  124.    -4.568E-02
0  441 -236.    -4.542E-02
0  442 -421.     5.378E-03
0  443 -137.    -1.083E-02
0  444  20.6    -2.149E-02
0  445  163.    -2.414E-02
0  446  464.    -6.037E-02
0  447  217.     1.869E-02
0  448 -649.    -5.278E-02
0  449  223.    -5.364E-03
0  450 -457.    -1.655E-02
0  451 -425.     1.070E-03
0  452 -104.    -1.971E-02
0  453 -96.6     3.355E-02
0  454  27.2     1.936E-03
0  455  234.     2.473E-02
0  456 -37.8    -2.360E-02
0  457  72.7     3.195E-02
0  458 -225.    -5.075E-03
0  459  110.    -1.957E-02
0  460 -55.3     2.441E-02
0  461 -127.    -2.269E-02
0  462 -163.    -4.520E-02
0  463  302.     1.057E-02
0  464  91.9     8.405E-03
0  465  11.3     5.037E-02
0  466  204.    -2.519E-02
0  467  272.    -5.765E-02
0  468 -374.     1.131E-02
0  469 -11.9    -2.846E-02
0  470  198.     2.511E-02
0  471 -127.    -3.016E-02
0  472 -319.     7.513E-02
0  473  148.    -2.617E-02
0  474  329.     2.925E-02
0  475  120.     3.039E-03
0  476  71.2    -5.365E-02
0  477 -194.    -3.294E-03
0  478  14.6    -3.490E-02
0  479 -305.    -4.148E-02
0  480 -510.     1.044E-02
0  481  225.     5.696E-02
0  482 -324.     1.748E-02
0  483 -387.    -1.282E-02
0  484 -9.29    -9.419E-03
0  485  155.    -1.139E-03
0  486  332.    -3.707E-02
0  487  127.    -2.895E-02
0  488 -558.    -1.310E-02
0  489 -266.    -3.334E-02
0  490 -484.    -6.518E-02
0  491  12.6     3.530E-02
0  492  115.    -2.732E-02
0  493  77.0     3.761E-02
0  494  18.4     2.768E-02
0  495 -8.62     1.401E-02
0  496 -97.8    -6.936E-02
0  497  175.     2.041E-02
0  498 -232.     1.984E-02
0  499 -260.     5.022E-03
0  500  195.     5.203E-02
0  501  32.6    -7.825E-03
0  502 -40.9     2.251E-03
0  503 -454.    -3.921E-03
0  504 -144.    -5.691E-02
0  505  80.4    -3.659E-02
0  506  238.     1.468E-02
0  507 -23.7    -4.504E-02
0  508 -199.    -8.788E-03
0  509 -115.     2.174E-02
0  510  142.     3.856E-02
0  511  38.3    -4.608E-02
0  512 -156.    -5.428E-02
0  513 -187.     5.278E-02
0  514 -126.    -6.547E-03
0  515  120.     7.804E-03
0  516  317.    -1.232E-02
0  517  150.     1.536E-02
0  518  133.     3.418E-03
0  519 -223.     5.327E-02
0  520 -135.    -2.668E-02
0  521  42.7    -3.239E-02
0  522 -94.0     4.870E-02
0  523 -53.5    -3.771E-02
0  524 -45.0    -9.201E-03
0  525  5.06     2.247E-02
0  526  118.    -5.402E-02
0  527 -489.     2.612E-03
0  528 -33.7    -2.984E-02
0  529  139.    -1.851E-02
0  530 -602.    -1.921E-02
0  531 -7.34     2.183E-02
0  532 -505.    -4.613E-03
0  533  387.     4.005E-02
0  534  630.     4.122E-02
0  535 -514.     7.195E-03
0  536  284.     5.821E-02
0  537  54.2    -4.273E-02
0  538 -109.    -4.776E-02
0  539  47.6    -4.809E-02
0  540 -201.     3.272E-02
0  541  221.     8.161E-03
0  542 -431.    -3.326E-02
0  543 -328.    -4.130E-02
0  544 -102.    -1.522E-02
0  545 -157.    -1.466E-02
0  546  194.     7.356E-02
0  547 -300.     4.519E-03
0  548  240.     2.852E-02
0  549  46.2    -5.485E-02
0  550  9.22     1.214E-02
0  551  322.     1.997E-02
0  552  170.    -9.745E-04
0  553 -38.2    -1.071E-02
0  554 -146.    -7.313E-03
0  555  68.4     1.592E-02
0  556  159.     3.033E-02
0  557  108.    -1.293E-02
0  558 -241.    -4.513E-03
0  559  88.3     6.533E-03
0  560  245.    -7.565E-03
0  561 -28.0     3.660E-02
0  562  287.     4.297E-02
0  563 -253.     2.827E-02
0  564  89.9    -1.219E-02
0  565  55.0    -2.560E-02
0  566 -50.7     4.221E-02
0  567 -348.     1.707E-03
0  568 -443.    -4.164E-02
0  569  285.     3.930E-03
0  570 -199.    -4.890E-03
0  571  241.    -1.681E-02
0  572 -168.    -2.401E-02
0  573 -81.9     6.779E-02
0  574 0.753     6.651E-03
0  575  537.     3.497E-02
0  576 -102.     2.721E-02
0  577  212.    -1.768E-02
0  578 -416.    -3.908E-02
0  579 -154.     2.133E-02
0  580  242.    -3.991E-02
0  581 -151.     2.546E-02
0  582  296.    -4.992E-02
0  583  89.7     5.650E-03
0  584 -475.     1.451E-02
0  585 -243.     2.609E-02
0  586 -283.     5.361E-02
0  587 -11.2    -2.866E-02
0  588  233.    -1.342E-02
0  589 -111.    -2.602E-02
0  590 -135.     1.902E-02
0  591 -43.5    -4.753E-02
0  592 -202.    -1.411E-02
0  593  312.     2.289E-02
0  594 -77.7     2.201E-02
0  595 -304.     4.587E-03
0  596  154.    -2.138E-02
0  597 -166.    -7.122E-03
0  598  249.    -1.336E-02
0  599 -18.1     2.992E-02
0  600  250.    -1.024E-02
0  601 -29.5     5.091E-03
0  602  413.    -8.350E-02
0  603  156.     5.878E-03
0  604  383.    -7.233E-02
0  605  248.    -3.100E-02
0  606 -82.4     4.712E-02
0  607  156.     3.114E-02
0  608  50.8    -1.273E-02
0  609  30.1    -3.022E-02
0  610  267.     1.912E-02
0  611  230.    -2.115E-04
0  612  75.6    -1.046E-02
0  613 -216.     6.279E-02
0  614  513.    -3.532E-02
0  615 -120.     3.962E-02
0  616  189.    -1.403E-02
0  617  254.     4.185E-02
0  618 -58.6     3.128E-02
0  619  183.     1.003E-02
0  620  391.    -2.364E-03
0  621 -243.    -1.281E-02
0  622 -522.    -1.642E-02
0  623  398.     8.190E-05
0  624 -139.    -1.148E-02
0  625  423.    -3.044E-03
0  626 -208.     1.384E-02
0  627 -157.    -5.048E-02
0  628 -367.     4.637E-02
0  629  159.     1.568E-02
0  630 -418.    -6.951E-03
0  631  290.     4.369E-02
0  632  362.    -3.966E-03
0  633 -111.     3.449E-02
0  634 -428.    -5.873E-03
0  635 -152.     3.921E-02
0  636  253.     3.901E-02
0  637  167.     8.516E-02
0  638  137.    -2.496E-02
0  639  146.    -3.747E-03
0  640 -138.    -4.041E-02
0  641 -347.    -2.759E-02
0  642 -279.     6.387E-02
0  643 0.139    -1.176E-02
0  644 -388.     0.110    
0  645 -413.     5.937E-02
0  646 -252.     2.433E-02
0  647  28.9    -8.382E-03
0  648 -180.     1.068E-02
0  649 -14.1     1.166E-02
0  650 -273.    -1.841E-02
0  651 -70.7     1.563E-02
0  652 -175.    -2.086E-02
0  653  56.5    -5.621E-03
0  654  72.3    -1.396E-02
0  655 -124.     1.423E-02
0  656  216.    -9.793E-03
0  657 -20.0     9.920E-03
0  658  224.    -3.128E-02
0  659  184.    -1.161E-02
0  660  110.    -1.330E-02
0  661 -275.     2.220E-03
0  662 -407.    -1.052E-02
0  663 -91.5    -3.978E-02
0  664  355.    -3.880E-02
0  665 -49.4    -3.228E-02
0  666 -249.     8.267E-03
0  667  36.9     3.173E-03
0  668  218.    -3.083E-02
0  669 -329.     2.460E-02
0  670 -264.    -4.241E-02
0  671  335.     5.099E-02
0  672  269.    -2.533E-02
0  673 -188.     2.072E-03
0  674 -361.     8.471E-03
0  675 -269.     4.511E-02
0  676 -376.    -6.205E-02
0  677 -47.1    -5.606E-02
0  678  7.83     4.795E-03
0  679  109.     4.945E-02
0  680  228.    -3.587E-02
0  681  144.    -5.877E-02
0  682  202.    -2.215E-02
0  683 -700.    -4.457E-02
0  684 -3.23    -6.057E-02
0  685  198.    -3.738E-02
0  686 -130.    -1.824E-02
0  687  353.     8.058E-02
0  688 -172.     2.258E-02
0  689 -234.     1.154E-02
0  690 -190.    -2.296E-02
0  691  498.    -8.607E-03
0  692 -482.    -5.200E-02
0  693 -211.     1.260E-02
0  694 -60.3    -5.938E-02
0  695 -125.    -4.930E-02
0  696  31.6     9.339E-03
0  697  62.1    -6.101E-03
0  698 -39.3     3.631E-02
0  699  129.    -2.372E-02
0  700 -46.9    -5.642E-02
0  701 -117.     1.793E-02
0  702 -51.5    -3.637E-03
0  703  344.     6.967E-02
0  704 -54.9     4.357E-03
0  705 -155.     1.840E-02
0  706  542.     4.850E-02
0  707 -107.     1.131E-02
0  708  163.    -2.388E-02
0  709 -176.     5.797E-03
0  710  65.2    -2.721E-02
0  711 -19.4    -6.560E-03
0  712 -56.1     3.227E-02
0  713 -153.     2.501E-02
0  714 -20.7     2.788E-02
0  715  35.2     2.485E-03
0  716 -86.6    -8.753E-03
0  717 -36.0    -3.428E-02
0  718 -108.     8.093E-03
0  719  578.    -3.566E-02
0  720  24.5    -5.756E-03
0  721 -63.5    -3.678E-03
0  722  200.    -5.769E-03
0  723 -294.    -4.206E-02
0  724 -174.    -9.925E-03
0  725 -377.    -9.837E-03
0  726 -359.    -3.517E-02
0  727  1.92     1.140E-02
0  728  21.7    -3.462E-03
0  729 -549.     1.814E-02
0  730 -2.32     2.639E-02
0  731  350.    -6.417E-02
0  732 -460.     3.374E-02
0  733 -79.3    -1.815E-03
0  734 -267.     2.122E-02
0  735  444.    -1.913E-03
0  736 -372.    -1.711E-02
0  737 -18.5     5.184E-03
0  738 -397.    -1.388E-03
0  739  424.    -2.746E-02
0  740  105.    -1.904E-02
0  741  545.     7.972E-03
0  742  103.    -1.460E-02
0  743  125.     2.080E-02
0  744 -311.     3.324E-02
0  745 -108.     3.219E-02
0  746  79.9    -2.974E-02
0  747  136.    -1.186E-02
0  748 -260.    -4.299E-03
0  749 -257.     2.348E-02
0  750 -471.     8.882E-03
0  751  594.    -4.402E-03
0  752  292.     4.282E-03
0  753  273.    -3.850E-02
0  754 -605.    -4.243E-03
0  755 -57.9     1.543E-02
0  756  331.    -4.323E-02
0  757 -67.6     1.299E-03
0  758 -21.2     5.519E-02
0  759 -256.    -2.706E-02
0  760  220.    -1.622E-02
0  761 -118.    -3.080E-02
0  762 -205.    -8.670E-02
0  763 -355.    -6.657E-02
0  764  360.    -3.870E-03
0  765  6.67     7.610E-02
0  766  113.    -6.568E-02
0  767 -166.     3.008E-02
0  768  70.7     7.616E-03
0  769 -184.     6.397E-03
0  770  21.4     2.093E-02
0  771  79.1    -1.556E-03
0  772 -354.    -2.383E-02
0  773 -292.    -6.872E-03
0  774  169.     1.379E-02
0  775  214.     3.508E-02
0  776 -149.     1.690E-02
0  777 -672.     3.563E-02
0  778  22.2     1.008E-02
0  779 -196.     6.142E-03
0  780  94.2     2.742E-02
0  781  209.     4.328E-02
0  782  159.    -2.548E-02
0  783  36.2     2.406E-02
0  784  589.     2.200E-02
0  785 -404.    -3.563E-03
0  786  101.    -3.690E-02
0  787 -144.    -1.076E-02
0  788 -185.     3.732E-02
0  789  453.     3.405E-02
0  790 -220.    -3.460E-02
0  791  376.     1.477E-02
0  792  726.     1.678E-02
0  793  117.     6.388E-03
0  794 -52.3     2.308E-02
0  795  39.2    -1.708E-02
0  796 -92.5     5.156E-02
0  797  38.2    -5.251E-03
0  798  243.    -5.205E-02
0  799  610.     2.112E-02
0  800  87.7     2.480E-02
0  801  480.    -3.619E-02
0  802 -233.    -2.226E-02
0  803 -339.     9.548E-03
0  804  185.    -2.436E-02
0  805 -293.    -6.169E-03
0  806 -68.3    -2.798E-03
0  807  328.    -7.483E-02
0  808 -129.     1.223E-02
0  809  277.    -5.433E-03
0  810 -154.     6.189E-02
0  811 -215.     4.925E-02
0  812 -307.     1.327E-02
0  813 -133.    -4.099E-03
0  814  214.     1.966E-02
0  815  104.     2.373E-02
0  816  429.    -7.801E-03
0  817 -384.     5.953E-03
0  818  493.     5.316E-04
0  819  26.4     1.061E-02
0  820 -70.3    -6.282E-03
0  821  75.9     1.320E-02
0  822 -214.     2.165E-02
0  823 -86.0     2.870E-02
0  824  516.    -9.331E-03
0  825  276.    -1.731E-02
0  826 -165.    -1.362E-02
0  827  418.    -1.806E-02
0  828 -334.    -4.997E-03
0  829  30.5     6.831E-03
0  830 -9.80     7.301E-04
0  831  43.3     2.573E-02
0  832 -75.5     1.250E-02
0  833 -173.     7.338E-03
0  834  145.     2.235E-02
0  835  184.    -2.807E-02
0  836 -88.8    -1.754E-03
0  837  178.     3.987E-02
0  838 -335.    -1.421E-02
0  839 -122.    -7.327E-02
0  840  366.     4.437E-03
0  841  247.     2.322E-02
0  842 -401.     1.845E-02
0  843  222.    -3.062E-02
0  844 -167.     7.187E-02
0  845  343.    -1.596E-02
0  846  292.     3.517E-03
0  847 -229.     4.470E-02
0  848  84.3    -2.745E-03
0  849  17.9    -1.101E-02
0  850 -17.2    -8.195E-03
0  851 -315.    -3.156E-02
0  852  50.2    -2.790E-02
0  853 -262.     1.893E-02
0  854  336.    -1.498E-03
0  855 -64.8     3.695E-02
0  856 -337.     8.693E-03
0  857  282.     1.733E-02
0  858 -350.     2.763E-02
0  859 -205.    -2.078E-02
0  860 -62.4    -5.523E-02
0  861 -145.    -1.937E-02
0  862  552.     5.527E-03
0  863  263.    -5.556E-02
0  864  102.    -1.664E-02
0  865  119.     4.037E-02
0  866 -231.    -1.633E-02
0  867  45.6     5.478E-03
0  868  95.0     1.862E-02
0  869 -160.     4.414E-02
0  870  195.     9.100E-03
0  871 -47.9     9.779E-03
0  872 -7.59    -5.959E-02
0  873 -274.    -3.864E-02
0  874 -162.    -2.346E-02
0  875  174.     8.308E-03
0  876 -289.     2.223E-02
0  877 -148.    -6.234E-02
0  878  476.     2.581E-02
0  879 -320.    -2.152E-02
0  880  245.     2.678E-03
0  881 -451.    -2.627E-02
0  882  373.     3.820E-02
0  883 -131.    -3.221E-02
0  884 -43.8     4.986E-02
0  885  567.    -5.038E-02
0  886  341.     3.624E-02
0  887 -1.13    -2.008E-02
0  888  408.    -2.428E-02
0  889  436.     1.671E-03
0  890  412.     3.447E-02
0  891 -338.    -1.810E-02
0  892 -150.     7.525E-03
0  893 -97.2     2.987E-03
0  894  2.59    -1.442E-02
0  895 -74.9     5.585E-02
0  896  207.    -5.161E-02
0  897 -385.    -2.032E-02
0  898  114.     2.919E-03
0  899 -140.     3.346E-02
0  900  255.     1.413E-02
0  901  41.5     1.349E-02
0  902  363.     4.791E-02
0  903  293.     1.740E-02
0  904 -207.    -1.210E-02
0  905  286.     1.882E-02
0  906 -544.    -1.603E-02
0  907 -5.44    -8.308E-03
0  908  190.     2.526E-02
0  909  73.4    -2.450E-02
0  910 -409.    -3.014E-03
0  911  36.1     1.527E-02
0  912  11.6     1.617E-02
0  913 -143.    -4.696E-02
0  914  353.     7.700E-03
0  915 -440.    -9.457E-03
0  916  231.    -3.150E-03
0  917  161.     5.390E-02
0  918 -370.    -1.562E-02
0  919 -767.     7.922E-04
0  920 -21.5    -2.887E-03
0  921  201.    -1.005E-02
0  922  143.    -6.708E-03
0  923  81.9     3.178E-02
0  924 -25.1    -2.633E-02
0  925  279.     2.390E-03
0  926 -171.     2.108E-02
0  927 -116.    -4.590E-02
0  928  365.     1.220E-03
0  929  326.    -4.063E-02
0  930  478.    -3.185E-02
0  931 -197.    -3.110E-02
0  932  377.     2.455E-02
0  933 -164.    -6.022E-03
0  934 -179.    -6.701E-03
0  935 -227.    -4.094E-02
0  936  431.     1.111E-02
0  937 -357.    -8.002E-03
0  938  98.5     2.145E-02
0  939 -321.     2.397E-02
0  940 -31.5     9.486E-03
0  941 -105.    -4.964E-02
0  942  310.    -1.026E-03
0  943 -228.    -2.017E-02
0  944 -147.     4.889E-03
0  945 -32.7     2.037E-04
0  946  583.     3.711E-02
0  947  528.    -3.564E-02
0  948 -203.     2.916E-02
0  949  25.0    -2.104E-02
0  950 -278.    -3.639E-02
0  951 -120.     6.456E-02
0  952  28.4     6.795E-02
0  953 -58.0     1.192E-02
0  954  192.     2.671E-02
0  955 -12.7    -8.135E-02
0  956 -63.2    -3.402E-03
0  957 -291.     5.410E-02
0  958  86.9     1.943E-02
0  959  74.6     3.763E-05
0  960 -314.     3.966E-03
0  961 -66.0     2.606E-02
0  962  107.     3.060E-02
0  963  176.     1.418E-03
0  964 -392.     4.161E-02
0  965 -89.5    -1.494E-02
0  966  115.    -2.508E-02
0  967  151.     1.242E-02
0  968 -234.    -1.197E-02
0  969 -212.     5.268E-03
0  970 -119.    -2.577E-03
0  971  256.    -6.384E-02
0  972  403.     2.010E-02
0  973  64.3    -9.675E-03
0  974  165.    -1.471E-02
0  975  16.9    -4.809E-04
0  976 -209.     2.643E-02
0  977 -6.27    -5.499E-03
0  978 -499.    -2.129E-02
0  979 -289.     1.281E-02
0  980 -67.0     8.964E-03
0  981  193.     5.247E-02
0  982  77.9     1.576E-02
0  983 -26.3    -2.817E-02
0  984  235.    -3.411E-02
0  985  167.    -3.379E-02
0  986 -287.     1.158E-02
0  987  188.    -1.095E-02
0  988 -224.     1.954E-02
0  989  265.    -2.524E-02
0  990  106.    -1.551E-02
0  991  10.4     2.588E-02
0  992  495.     4.508E-02
0  993  202.     1.684E-02
0  994 -275.    -7.919E-03
0  995 -346.    -7.040E-02
0  996  135.     3.208E-02
0  997 -103.    -8.494E-04
0  998  440.     8.825E-04
0  999  129.    -2.412E-03
0 1000 -248.    -1.430E-02
1Pecos::LHSDriver                                                                                                             
0RANKS OF LATIN HYPERCUBE SAMPLE INPUT VECTORS

 RUN NO.    X(1)      X(2)
0    1      375.      839.
0    2      886.      938.
0    3      108.      832.
0    4      854.      900.
0    5      910.        6.
0    6      657.      810.
0    7      827.      240.
0    8      234.      620.
0    9      466.      369.
0   10      904.      518.
0   11       41.      211.
0   12      485.      877.
0   13      355.      618.
0   14      642.       39.
0   15      383.      119.
0   16      598.      408.
0   17      124.      360.
0   18      246.      309.
0   19       94.      778.
0   20      303.      327.
0   21      848.      482.
0   22      983.      820.
0   23      275.      117.
0   24      875.      735.
0   25      220.      703.
0   26      993.      230.
0   27      663.      917.
0   28      185.      171.
0   29      243.      162.
0   30      785.      797.
0   31      308.       58.
0   32      311.      176.
0   33      677.      624.
0   34      741.      242.
0   35      231.      630.
0   36      869.      418.
0   37      729.      505.
0   38      845.      259.
0   39      923.      748.
0   40      129.      587.
0   41      836.      499.
0   42      805.      857.
0   43      392.      101.
0   44      385.      346.
0   45      936.      293.
0   46      669.      273.
0   47      112.      758.
0   48      999.      682.
0   49      254.      941.
0   50      507.      879.
0   51      747.      272.
0   52      972.      831.
0   53      367.      173.
0   54      752.      491.
0   55      535.        2.
0   56      873.       79.
0   57      410.       57.
0   58      368.       15.
0   59      196.      329.
0   60      462.      809.
0   61      962.      142.
0   62      123.      292.
0   63      834.        1.
0   64       18.      155.
0   65      931.      847.
0   66      550.       94.
0   67      594.      344.
0   68      837.      741.
0   69       77.      320.
0   70      932.      891.
0   71      439.      231.
0   72      610.      466.
0   73      578.      972.
0   74      273.      301.
0   75      338.      585.
0   76      567.      289.
0   77      727.      437.
0   78        7.      581.
0   79      147.      918.
0   80      888.      649.
0   81      693.      195.
0   82       70.      429.
0   83      647.      114.
0   84       51.      238.
0   85      227.      196.
0   86      570.      590.
0   87      723.      473.
0   88      521.      664.
0   89       78.      151.
0   90      690.      976.
0   91      745.      963.
0   92       57.      652.
0   93     1000.      721.
0   94      941.      384.
0   95      765.      479.
0   96      573.      892.
0   97      529.      718.
0   98      961.       76.
0   99      395.      686.
0  100      952.      356.
0  101      460.       77.
0  102      813.      795.
0  103      637.      506.
0  104      134.       67.
0  105       52.      492.
0  106       68.      403.
0  107      866.      642.
0  108      698.      263.
0  109       29.      833.
0  110      438.      249.
0  111      364.      439.
0  112      478.      129.
0  113      751.      255.
0  114      495.      806.
0  115      552.      542.
0  116       24.      547.
0  117      699.      166.
0  118      247.      859.
0  119      480.      549.
0  120      712.      914.
0  121      142.       88.
0  122      377.      592.
0  123      420.      524.
0  124      372.      975.
0  125      393.      977.
0  126      835.      803.
0  127      178.      274.
0  128      422.      328.
0  129      996.      595.
0  130      441.      574.
0  131      802.       83.
0  132      566.      475.
0  133      780.      395.
0  134      455.      201.
0  135      572.       86.
0  136      126.       97.
0  137      692.      349.
0  138      457.      385.
0  139      297.      331.
0  140      130.      962.
0  141      753.       11.
0  142      924.       63.
0  143      920.      637.
0  144      180.      508.
0  145      494.      543.
0  146      409.      532.
0  147      995.      995.
0  148      156.      729.
0  149      454.      882.
0  150      248.      640.
0  151      577.      536.
0  152       84.      906.
0  153      356.      723.
0  154      976.      112.
0  155      213.      227.
0  156       89.      688.
0  157      874.      178.
0  158      817.       78.
0  159      336.      366.
0  160      786.      102.
0  161      588.       80.
0  162      203.      217.
0  163       10.      999.
0  164      631.      357.
0  165      458.      670.
0  166      428.      668.
0  167      382.      397.
0  168      879.      569.
0  169      714.      687.
0  170      445.      495.
0  171      580.      314.
0  172      676.      172.
0  173      710.      948.
0  174       86.      779.
0  175      624.      632.
0  176      161.      699.
0  177      684.      871.
0  178      498.      907.
0  179      591.      867.
0  180      515.      966.
0  181      354.      985.
0  182      132.      554.
0  183      551.      126.
0  184      388.      734.
0  185      639.      830.
0  186      911.       21.
0  187      586.      203.
0  188        9.      100.
0  189      815.      656.
0  190      114.      305.
0  191       66.      655.
0  192      434.      265.
0  193      238.      413.
0  194      199.      241.
0  195      253.      136.
0  196      381.      192.
0  197      322.      150.
0  198      323.      561.
0  199      957.      468.
0  200      603.      419.
0  201      451.      515.
0  202      702.      525.
0  203      101.      180.
0  204      750.      342.
0  205      672.      896.
0  206      208.      133.
0  207      524.      254.
0  208      882.      702.
0  209      994.      997.
0  210      158.      705.
0  211      560.      791.
0  212      949.      680.
0  213      288.      537.
0  214      505.      310.
0  215      361.      672.
0  216      206.      710.
0  217      437.      936.
0  218      701.      685.
0  219      216.      235.
0  220      376.       49.
0  221       33.      888.
0  222      341.      493.
0  223       22.      578.
0  224      509.      923.
0  225      736.      781.
0  226      599.      286.
0  227      257.      855.
0  228      250.      485.
0  229      579.      386.
0  230      954.      261.
0  231      959.      252.
0  232      299.      841.
0  233      446.      898.
0  234      685.      650.
0  235      500.      769.
0  236      971.      970.
0  237      335.      474.
0  238      600.      472.
0  239      585.      359.
0  240      143.      253.
0  241      587.      698.
0  242      903.      169.
0  243      536.      589.
0  244      643.      665.
0  245      449.       74.
0  246      899.      712.
0  247       37.      784.
0  248      111.      908.
0  249       25.      283.
0  250      795.      440.
0  251      493.      139.
0  252      525.      596.
0  253      360.      776.
0  254       48.      281.
0  255      402.       32.
0  256      828.      410.
0  257      188.      969.
0  258      876.      749.
0  259      332.      764.
0  260      210.      520.
0  261      763.      108.
0  262      513.      719.
0  263      187.      638.
0  264      398.       50.
0  265      506.      372.
0  266      877.      930.
0  267      563.      704.
0  268      856.      316.
0  269      604.      601.
0  270      171.      979.
0  271      348.      271.
0  272      849.      163.
0  273      204.      744.
0  274      225.      145.
0  275      694.      612.
0  276      992.       64.
0  277      264.      122.
0  278      839.      268.
0  279      806.      693.
0  280      520.      925.
0  281      467.      213.
0  282      184.      974.
0  283      371.      911.
0  284      448.      864.
0  285      881.      944.
0  286      477.      988.
0  287      539.      509.
0  288        4.      277.
0  289      325.       43.
0  290      276.      138.
0  291      530.       82.
0  292       16.      935.
0  293       32.      564.
0  294      623.       30.
0  295      329.      772.
0  296      689.      739.
0  297      595.      153.
0  298      262.      239.
0  299       62.      663.
0  300      574.      984.
0  301      626.      212.
0  302      737.      990.
0  303      298.      185.
0  304      240.      109.
0  305      636.      390.
0  306       72.      662.
0  307      476.      706.
0  308      782.      854.
0  309      918.        7.
0  310      107.      631.
0  311      885.      835.
0  312      682.      521.
0  313      889.      751.
0  314      868.      843.
0  315      100.      679.
0  316      118.      603.
0  317      803.      104.
0  318      186.      233.
0  319      884.       59.
0  320      870.      983.
0  321      662.      894.
0  322      937.      818.
0  323      627.      717.
0  324      718.      193.
0  325      966.      459.
0  326       53.      639.
0  327      934.      447.
0  328      679.      701.
0  329      917.      504.
0  330      155.      202.
0  331      773.      337.
0  332      742.      297.
0  333      346.      358.
0  334      313.      312.
0  335      788.      875.
0  336      378.      387.
0  337      249.      939.
0  338      362.      675.
0  339       15.      890.
0  340      387.      405.
0  341      589.      553.
0  342      634.      170.
0  343      412.      858.
0  344      622.      826.
0  345      840.       55.
0  346      133.      424.
0  347      975.       14.
0  348      770.      550.
0  349      998.      144.
0  350      955.      745.
0  351      990.      689.
0  352      394.      544.
0  353      810.      496.
0  354      843.      909.
0  355      717.      282.
0  356      175.      378.
0  357      732.      406.
0  358      852.      335.
0  359      310.      188.
0  360      167.      950.
0  361      481.      548.
0  362      783.      434.
0  363      653.      822.
0  364      861.      392.
0  365      391.      623.
0  366      263.      247.
0  367      650.      825.
0  368      791.      878.
0  369      236.      489.
0  370      561.      143.
0  371      426.      555.
0  372      233.      770.
0  373       99.      848.
0  374      616.      484.
0  375      164.      184.
0  376      982.      613.
0  377      583.       24.
0  378       42.      808.
0  379      620.      846.
0  380      404.       92.
0  381      930.      870.
0  382      523.      921.
0  383      547.      933.
0  384      688.      842.
0  385      703.      234.
0  386      542.      580.
0  387      464.      819.
0  388      416.      528.
0  389      592.      228.
0  390      871.      287.
0  391      664.      226.
0  392      150.      225.
0  393      316.      610.
0  394      898.      865.
0  395      511.      146.
0  396      707.      660.
0  397        2.      497.
0  398       11.      353.
0  399      641.      916.
0  400      121.      904.
0  401      304.      313.
0  402      958.      926.
0  403      601.      306.
0  404      895.      837.
0  405      759.      379.
0  406      758.      671.
0  407      833.      304.
0  408      928.      270.
0  409      353.      471.
0  410      590.      626.
0  411      179.      591.
0  412      749.      174.
0  413       40.      954.
0  414      926.      402.
0  415        1.      110.
0  416       14.      931.
0  417      644.      724.
0  418      946.      285.
0  419      337.      774.
0  420      779.      884.
0  421      740.       45.
0  422      646.      513.
0  423      277.      827.
0  424      174.      967.
0  425      144.      443.
0  426       47.      260.
0  427      237.      716.
0  428       23.      932.
0  429      716.       66.
0  430      170.      711.
0  431      146.      617.
0  432       17.      370.
0  433      432.      952.
0  434      207.      814.
0  435      943.      343.
0  436       87.      747.
0  437      905.      500.
0  438      967.      131.
0  439      678.      812.
0  440      680.       70.
0  441      189.       71.
0  442       58.      570.
0  443      305.      363.
0  444      531.      244.
0  445      730.      218.
0  446      960.       26.
0  447      793.      728.
0  448        8.       44.
0  449      799.      432.
0  450       44.      296.
0  451       56.      514.
0  452      349.      262.
0  453      359.      862.
0  454      541.      526.
0  455      811.      789.
0  456      444.      223.
0  457      608.      850.
0  458      200.      435.
0  459      661.      264.
0  460      418.      786.
0  461      317.      232.
0  462      271.       72.
0  463      872.      634.
0  464      635.      608.
0  465      517.      949.
0  466      778.      208.
0  467      846.       31.
0  468       81.      644.
0  469      483.      179.
0  470      771.      793.
0  471      318.      165.
0  472      117.      993.
0  473      711.      199.
0  474      892.      829.
0  475      675.      540.
0  476      606.       42.
0  477      235.      458.
0  478      522.      130.
0  479      127.       90.
0  480       28.      633.
0  481      801.      968.
0  482      113.      715.
0  483       74.      339.
0  484      487.      381.
0  485      720.      486.
0  486      894.      115.
0  487      683.      175.
0  488       19.      336.
0  489      160.      140.
0  490       35.       18.
0  491      519.      874.
0  492      667.      189.
0  493      614.      889.
0  494      528.      816.
0  495      488.      676.
0  496      357.       13.
0  497      744.      746.
0  498      193.      740.
0  499      166.      565.
0  500      769.      955.
0  501      549.      400.
0  502      440.      530.
0  503       45.      450.
0  504      294.       33.
0  505      619.      118.
0  506      814.      683.
0  507      465.       73.
0  508      229.      388.
0  509      334.      760.
0  510      704.      895.
0  511      558.       68.
0  512      280.       40.
0  513      242.      957.
0  514      319.      417.
0  515      674.      600.
0  516      883.      345.
0  517      713.      691.
0  518      691.      545.
0  519      202.      958.
0  520      307.      194.
0  521      564.      147.
0  522      363.      943.
0  523      421.      111.
0  524      433.      383.
0  525      508.      767.
0  526      671.       41.
0  527       34.      534.
0  528      450.      167.
0  529      700.      275.
0  530       13.      267.
0  531      490.      761.
0  532       30.      441.
0  533      927.      903.
0  534      991.      910.
0  535       27.      593.
0  536      857.      971.
0  537      581.       84.
0  538      342.       61.
0  539      571.       60.
0  540      226.      856.
0  541      797.      605.
0  542       54.      141.
0  543      110.       91.
0  544      352.      311.
0  545      278.      318.
0  546      767.      992.
0  547      131.      559.
0  548      816.      823.
0  549      569.       38.
0  550      514.      653.
0  551      887.      742.
0  552      739.      488.
0  553      443.      365.
0  554      292.      407.
0  555      602.      697.
0  556      724.      838.
0  557      658.      338.
0  558      183.      442.
0  559      630.      584.
0  560      821.      404.
0  561      459.      883.
0  562      860.      919.
0  563      172.      821.
0  564      633.      347.
0  565      582.      204.
0  566      425.      915.
0  567       96.      523.
0  568       49.       89.
0  569      858.      551.
0  570      228.      438.
0  571      818.      294.
0  572      265.      219.
0  573      380.      986.
0  574      502.      586.
0  575      978.      872.
0  576      351.      811.
0  577      787.      284.
0  578       60.      103.
0  579      282.      756.
0  580      819.       98.
0  581      286.      796.
0  582      867.       53.
0  583      632.      573.
0  584       38.      681.
0  585      182.      802.
0  586      145.      959.
0  587      484.      177.
0  588      809.      332.
0  589      340.      200.
0  590      306.      732.
0  591      436.       62.
0  592      224.      324.
0  593      880.      771.
0  594      386.      763.
0  595      128.      560.
0  596      719.      245.
0  597      268.      409.
0  598      825.      333.
0  599      474.      834.
0  600      826.      371.
0  601      456.      566.
0  602      940.        4.
0  603      721.      576.
0  604      925.       10.
0  605      824.      158.
0  606      379.      937.
0  607      722.      844.
0  608      576.      341.
0  609      545.      164.
0  610      842.      733.
0  611      807.      498.
0  612      612.      368.
0  613      209.      980.
0  614      973.      127.
0  615      327.      901.
0  616      761.      325.
0  617      830.      913.
0  618      413.      845.
0  619      754.      628.
0  620      929.      470.
0  621      181.      340.
0  622       26.      298.
0  623      933.      502.
0  624      301.      355.
0  625      944.      461.
0  626      218.      674.
0  627      279.       51.
0  628       85.      934.
0  629      725.      695.
0  630       59.      411.
0  631      862.      922.
0  632      913.      449.
0  633      339.      869.
0  634       55.      425.
0  635      285.      899.
0  636      829.      897.
0  637      735.      998.
0  638      697.      210.
0  639      709.      452.
0  640      302.       96.
0  641       97.      186.
0  642      148.      981.
0  643      501.      352.
0  644       73.     1000.
0  645       61.      973.
0  646      173.      785.
0  647      544.      393.
0  648      251.      636.
0  649      479.      648.
0  650      154.      276.
0  651      396.      694.
0  652      256.      250.
0  653      584.      428.
0  654      607.      326.
0  655      321.      678.
0  656      792.      376.
0  657      471.      627.
0  658      800.      156.
0  659      755.      354.
0  660      660.      334.
0  661      152.      529.
0  662       64.      367.
0  663      366.       99.
0  664      909.      105.
0  665      427.      148.
0  666      176.      606.
0  667      556.      541.
0  668      794.      159.
0  669      109.      788.
0  670      162.       85.
0  671      896.      951.
0  672      844.      206.
0  673      241.      527.
0  674       88.      609.
0  675      157.      929.
0  676       80.       23.
0  677      430.       35.
0  678      512.      562.
0  679      659.      946.
0  680      804.      123.
0  681      706.       29.
0  682      776.      237.
0  683        5.       75.
0  684      496.       25.
0  685      772.      113.
0  686      314.      278.
0  687      908.      996.
0  688      260.      768.
0  689      191.      646.
0  690      239.      229.
0  691      970.      391.
0  692       36.       47.
0  693      215.      659.
0  694      411.       28.
0  695      320.       56.
0  696      548.      619.
0  697      593.      422.
0  698      442.      881.
0  699      686.      222.
0  700      431.       34.
0  701      331.      720.
0  702      424.      454.
0  703      902.      989.
0  704      419.      557.
0  705      281.      725.
0  706      979.      942.
0  707      345.      643.
0  708      731.      220.
0  709      255.      575.
0  710      597.      190.
0  711      472.      416.
0  712      417.      853.
0  713      284.      792.
0  714      470.      817.
0  715      553.      533.
0  716      373.      389.
0  717      447.      134.
0  718      344.      604.
0  719      985.      124.
0  720      537.      427.
0  721      406.      453.
0  722      774.      426.
0  723      135.       87.
0  724      258.      374.
0  725       79.      375.
0  726       90.      128.
0  727      503.      645.
0  728      533.      456.
0  729       20.      722.
0  730      497.      804.
0  731      906.       19.
0  732       43.      863.
0  733      384.      477.
0  734      159.      755.
0  735      953.      476.
0  736       82.      290.
0  737      473.      567.
0  738       69.      483.
0  739      945.      187.
0  740      654.      269.
0  741      980.      602.
0  742      651.      319.
0  743      681.      750.
0  744      122.      860.
0  745      343.      852.
0  746      618.      168.
0  747      696.      351.
0  748      165.      445.
0  749      168.      777.
0  750       39.      614.
0  751      988.      444.
0  752      863.      556.
0  753      847.      107.
0  754       12.      446.
0  755      415.      692.
0  756      893.       81.
0  757      400.      517.
0  758      469.      964.
0  759      169.      191.
0  760      796.      300.
0  761      330.      160.
0  762      222.        3.
0  763       92.       16.
0  764      912.      451.
0  765      510.      994.
0  766      665.       17.
0  767      267.      836.
0  768      605.      598.
0  769      245.      583.
0  770      532.      752.
0  771      617.      480.
0  772       93.      221.
0  773      137.      412.
0  774      738.      673.
0  775      790.      873.
0  776      289.      709.
0  777        6.      876.
0  778      534.      629.
0  779      232.      579.
0  780      638.      813.
0  781      784.      920.
0  782      726.      205.
0  783      555.      783.
0  784      987.      762.
0  785       65.      455.
0  786      648.      116.
0  787      295.      364.
0  788      244.      887.
0  789      956.      866.
0  790      205.      132.
0  791      921.      684.
0  792      997.      707.
0  793      670.      582.
0  794      423.      773.
0  795      559.      291.
0  796      365.      953.
0  797      557.      433.
0  798      820.       46.
0  799      989.      754.
0  800      629.      790.
0  801      965.      121.
0  802      192.      236.
0  803      102.      622.
0  804      757.      215.
0  805      136.      421.
0  806      399.      464.
0  807      891.        8.
0  808      315.      654.
0  809      851.      431.
0  810      283.      978.
0  811      211.      945.
0  812      125.      667.
0  813      309.      448.
0  814      789.      738.
0  815      652.      780.
0  816      947.      401.
0  817       76.      577.
0  818      968.      507.
0  819      540.      635.
0  820      397.      420.
0  821      613.      666.
0  822      212.      759.
0  823      374.      824.
0  824      974.      382.
0  825      850.      288.
0  826      269.      330.
0  827      942.      280.
0  828      106.      436.
0  829      546.      588.
0  830      486.      510.
0  831      565.      798.
0  832      389.      658.
0  833      259.      594.
0  834      708.      766.
0  835      756.      182.
0  836      370.      478.
0  837      748.      902.
0  838      105.      323.
0  839      324.        9.
0  840      916.      558.
0  841      823.      775.
0  842       67.      726.
0  843      798.      161.
0  844      266.      991.
0  845      901.      303.
0  846      864.      546.
0  847      195.      927.
0  848      625.      465.
0  849      527.      361.
0  850      475.      396.
0  851      119.      154.
0  852      575.      183.
0  853      163.      731.
0  854      897.      481.
0  855      405.      885.
0  856      104.      611.
0  857      855.      713.
0  858       95.      815.
0  859      221.      251.
0  860      408.       37.
0  861      293.      266.
0  862      981.      572.
0  863      838.       36.
0  864      649.      295.
0  865      673.      905.
0  866      194.      299.
0  867      568.      571.
0  868      640.      727.
0  869      274.      924.
0  870      768.      616.
0  871      429.      625.
0  872      489.       27.
0  873      153.      106.
0  874      272.      224.
0  875      743.      607.
0  876      139.      765.
0  877      290.       22.
0  878      963.      799.
0  879      116.      243.
0  880      822.      535.
0  881       46.      198.
0  882      919.      893.
0  883      312.      149.
0  884      435.      947.
0  885      984.       52.
0  886      900.      880.
0  887      499.      258.
0  888      938.      216.
0  889      950.      522.
0  890      939.      868.
0  891      103.      279.
0  892      287.      597.
0  893      358.      539.
0  894      504.      321.
0  895      390.      965.
0  896      781.       48.
0  897       75.      256.
0  898      666.      538.
0  899      300.      861.
0  900      831.      677.
0  901      562.      669.
0  902      914.      940.
0  903      865.      714.
0  904      219.      348.
0  905      859.      730.
0  906       21.      302.
0  907      492.      394.
0  908      762.      794.
0  909      609.      214.
0  910       63.      462.
0  911      554.      690.
0  912      518.      700.
0  913      296.       65.
0  914      907.      599.
0  915       50.      380.
0  916      808.      460.
0  917      728.      960.
0  918       83.      307.
0  919        3.      511.
0  920      468.      463.
0  921      775.      373.
0  922      705.      414.
0  923      621.      849.
0  924      463.      197.
0  925      853.      531.
0  926      261.      753.
0  927      333.       69.
0  928      915.      516.
0  929      890.       95.
0  930      964.      152.
0  931      230.      157.
0  932      922.      787.
0  933      270.      423.
0  934      252.      415.
0  935      198.       93.
0  936      948.      641.
0  937       91.      398.
0  938      645.      757.
0  939      115.      782.
0  940      453.      621.
0  941      347.       54.
0  942      878.      487.
0  943      197.      257.
0  944      291.      563.
0  945      452.      503.
0  946      986.      886.
0  947      977.      125.
0  948      223.      828.
0  949      538.      248.
0  950      149.      120.
0  951      326.      982.
0  952      543.      987.
0  953      414.      651.
0  954      764.      807.
0  955      482.        5.
0  956      407.      457.
0  957      138.      961.
0  958      628.      736.
0  959      611.      501.
0  960      120.      552.
0  961      403.      801.
0  962      656.      840.
0  963      746.      519.
0  964       71.      912.
0  965      369.      315.
0  966      668.      209.
0  967      715.      657.
0  968      190.      350.
0  969      214.      568.
0  970      328.      467.
0  971      832.       20.
0  972      935.      743.
0  973      596.      377.
0  974      733.      317.
0  975      526.      494.
0  976      217.      805.
0  977      491.      430.
0  978       31.      246.
0  979      140.      661.
0  980      401.      615.
0  981      766.      956.
0  982      615.      696.
0  983      461.      181.
0  984      812.      135.
0  985      734.      137.
0  986      141.      647.
0  987      760.      362.
0  988      201.      737.
0  989      841.      207.
0  990      655.      308.
0  991      516.      800.
0  992      969.      928.
0  993      777.      708.
0  994      151.      399.
0  995       98.       12.
0  996      695.      851.
0  997      350.      490.
0  998      951.      512.
0  999      687.      469.
0 1000      177.      322.
1   Pecos::LHSDriver                                                                                                             
0  HISTOGRAM FOR VARIABLE NO.  1     BOUNDED NORMAL DISTRIBUTION

     Midpoint          Freq.

  -8.9249998E+02         1    X
  -8.0749998E+02         2    XX
  -7.2249998E+02         2    XX
  -6.3749999E+02         8    XXXXXXXX
  -5.5249999E+02        15    XXXXXXXXXXXXXXX
  -4.6749999E+02        27    XXXXXXXXXXXXXXXXXXXXXXXXXXX
  -3.8249999E+02        46    XXXXXXXXXXXXXXXXXXXXXXXXXXXXXXXXXXXXXXXXXXXXXX
  -2.9749999E+02        68    XXXXXXXXXXXXXXXXXXXXXXXXXXXXXXXXXXXXXXXXXXXXXXXXXXXXXXXXXXXXXXXXXXXX
  -2.1250000E+02        92    XXXXXXXXXXXXXXXXXXXXXXXXXXXXXXXXXXXXXXXXXXXXXXXXXXXXXXXXXXXXXXXXXXXXXXXXXXXXXXXXXXXXXXXXXX
  -1.2750000E+02       114    XXXXXXXXXXXXXXXXXXXXXXXXXXXXXXXXXXXXXXXXXXXXXXXXXXXXXXXXXXXXXXXXXXXXXXXXXXXXXXXXXXXXXXXXXX
  -4.2499999E+01       125    XXXXXXXXXXXXXXXXXXXXXXXXXXXXXXXXXXXXXXXXXXXXXXXXXXXXXXXXXXXXXXXXXXXXXXXXXXXXXXXXXXXXXXXXXX
   4.2499999E+01       125    XXXXXXXXXXXXXXXXXXXXXXXXXXXXXXXXXXXXXXXXXXXXXXXXXXXXXXXXXXXXXXXXXXXXXXXXXXXXXXXXXXXXXXXXXX
   1.2750000E+02       113    XXXXXXXXXXXXXXXXXXXXXXXXXXXXXXXXXXXXXXXXXXXXXXXXXXXXXXXXXXXXXXXXXXXXXXXXXXXXXXXXXXXXXXXXXX
   2.1250000E+02        92    XXXXXXXXXXXXXXXXXXXXXXXXXXXXXXXXXXXXXXXXXXXXXXXXXXXXXXXXXXXXXXXXXXXXXXXXXXXXXXXXXXXXXXXXXX
   2.9749999E+02        69    XXXXXXXXXXXXXXXXXXXXXXXXXXXXXXXXXXXXXXXXXXXXXXXXXXXXXXXXXXXXXXXXXXXXX
   3.8249999E+02        46    XXXXXXXXXXXXXXXXXXXXXXXXXXXXXXXXXXXXXXXXXXXXXX
   4.6749999E+02        27    XXXXXXXXXXXXXXXXXXXXXXXXXXX
   5.5249999E+02        16    XXXXXXXXXXXXXXXX
   6.3749999E+02         7    XXXXXXX
   7.2249998E+02         3    XXX
   8.0749998E+02         2    XX
0                     1000


      Min            Max           Range           Mean          Median        Variance

  -8.7361174E+02  8.2730007E+02  1.7009118E+03 -3.5616092E-02 -1.5559254E-01  7.0984525E+04

1   Pecos::LHSDriver                                                                                                             
0  HISTOGRAM FOR VARIABLE NO.  2     BOUNDED NORMAL DISTRIBUTION

     Midpoint          Freq.

  -1.0450000E-01         1    X
  -9.3499998E-02         1    X
  -8.2499998E-02         4    XXXX
  -7.1499998E-02        10    XXXXXXXXXX
  -6.0499999E-02        21    XXXXXXXXXXXXXXXXXXXXX
  -4.9499999E-02        40    XXXXXXXXXXXXXXXXXXXXXXXXXXXXXXXXXXXXXXXX
  -3.8499999E-02        65    XXXXXXXXXXXXXXXXXXXXXXXXXXXXXXXXXXXXXXXXXXXXXXXXXXXXXXXXXXXXXXXXX
  -2.7499999E-02        96    XXXXXXXXXXXXXXXXXXXXXXXXXXXXXXXXXXXXXXXXXXXXXXXXXXXXXXXXXXXXXXXXXXXXXXXXXXXXXXXXXXXXXXXXXX
  -1.6500000E-02       123    XXXXXXXXXXXXXXXXXXXXXXXXXXXXXXXXXXXXXXXXXXXXXXXXXXXXXXXXXXXXXXXXXXXXXXXXXXXXXXXXXXXXXXXXXX
  -5.4999999E-03       139    XXXXXXXXXXXXXXXXXXXXXXXXXXXXXXXXXXXXXXXXXXXXXXXXXXXXXXXXXXXXXXXXXXXXXXXXXXXXXXXXXXXXXXXXXX
   5.4999999E-03       139    XXXXXXXXXXXXXXXXXXXXXXXXXXXXXXXXXXXXXXXXXXXXXXXXXXXXXXXXXXXXXXXXXXXXXXXXXXXXXXXXXXXXXXXXXX
   1.6500000E-02       123    XXXXXXXXXXXXXXXXXXXXXXXXXXXXXXXXXXXXXXXXXXXXXXXXXXXXXXXXXXXXXXXXXXXXXXXXXXXXXXXXXXXXXXXXXX
   2.7499999E-02        96    XXXXXXXXXXXXXXXXXXXXXXXXXXXXXXXXXXXXXXXXXXXXXXXXXXXXXXXXXXXXXXXXXXXXXXXXXXXXXXXXXXXXXXXXXX
   3.8499999E-02        65    XXXXXXXXXXXXXXXXXXXXXXXXXXXXXXXXXXXXXXXXXXXXXXXXXXXXXXXXXXXXXXXXX
   4.9499999E-02        39    XXXXXXXXXXXXXXXXXXXXXXXXXXXXXXXXXXXXXXX
   6.0499999E-02        22    XXXXXXXXXXXXXXXXXXXXXX
   7.1499998E-02        10    XXXXXXXXXX
   8.2499998E-02         4    XXXX
   9.3499998E-02         1    X
   1.0450000E-01         0
   1.1550000E-01         1    X
0                     1000


      Min            Max           Range           Mean          Median        Variance

  -1.0080255E-01  1.1020300E-01  2.1100555E-01  4.6327742E-06 -1.8561096E-05  9.5303879E-04

1Pecos::LHSDriver                                                                                                             
0CORRELATIONS AMONG INPUT VARIABLES CREATED BY THE LATIN HYPERCUBE SAMPLE FOR RAW DATA                              PAGE   1
0    1  1.0000
0    2 -0.0022  1.0000
0            1       2
0VARIABLES
0THE VARIANCE INFLATION FACTOR FOR THIS MATRIX IS  1.00
1Pecos::LHSDriver                                                                                                             
0CORRELATIONS AMONG INPUT VARIABLES CREATED BY THE LATIN HYPERCUBE SAMPLE FOR RANK DATA                              PAGE   1
0    1  1.0000
0    2  0.0029  1.0000
0            1       2
0VARIABLES
0THE VARIANCE INFLATION FACTOR FOR THIS MATRIX IS  1.00
